Analysis & Synthesis report for equalizer
Fri Apr 12 01:18:29 2024
Quartus Prime Version 22.1std.2 Build 922 07/20/2023 SC Lite Edition


---------------------
; Table of Contents ;
---------------------
  1. Legal Notice
  2. Analysis & Synthesis Summary
  3. Analysis & Synthesis Settings
  4. Parallel Compilation
  5. Analysis & Synthesis Source Files Read
  6. Analysis & Synthesis Resource Usage Summary
  7. Analysis & Synthesis Resource Utilization by Entity
  8. Analysis & Synthesis DSP Block Usage Summary
  9. General Register Statistics
 10. Multiplexer Restructuring Statistics (Restructuring Performed)
 11. Parameter Settings for User Entity Instance: Top-level Entity: |equalizer_8band
 12. Parameter Settings for User Entity Instance: counter:counter_inst
 13. Parameter Settings for User Entity Instance: amplifier:amplifier_inst
 14. Parameter Settings for User Entity Instance: filter:gen_filters[0].filter_inst
 15. Parameter Settings for User Entity Instance: filter:gen_filters[0].filter_inst|coeffs:coeffs_inst
 16. Parameter Settings for User Entity Instance: filter:gen_filters[0].filter_inst|delay_pipeline:delay_pipeline_inst
 17. Parameter Settings for User Entity Instance: filter:gen_filters[0].filter_inst|compute:compute_inst
 18. Parameter Settings for User Entity Instance: filter:gen_filters[1].filter_inst
 19. Parameter Settings for User Entity Instance: filter:gen_filters[1].filter_inst|coeffs:coeffs_inst
 20. Parameter Settings for User Entity Instance: filter:gen_filters[1].filter_inst|delay_pipeline:delay_pipeline_inst
 21. Parameter Settings for User Entity Instance: filter:gen_filters[1].filter_inst|compute:compute_inst
 22. Parameter Settings for User Entity Instance: filter:gen_filters[2].filter_inst
 23. Parameter Settings for User Entity Instance: filter:gen_filters[2].filter_inst|coeffs:coeffs_inst
 24. Parameter Settings for User Entity Instance: filter:gen_filters[2].filter_inst|delay_pipeline:delay_pipeline_inst
 25. Parameter Settings for User Entity Instance: filter:gen_filters[2].filter_inst|compute:compute_inst
 26. Parameter Settings for User Entity Instance: filter:gen_filters[3].filter_inst
 27. Parameter Settings for User Entity Instance: filter:gen_filters[3].filter_inst|coeffs:coeffs_inst
 28. Parameter Settings for User Entity Instance: filter:gen_filters[3].filter_inst|delay_pipeline:delay_pipeline_inst
 29. Parameter Settings for User Entity Instance: filter:gen_filters[3].filter_inst|compute:compute_inst
 30. Parameter Settings for User Entity Instance: filter:gen_filters[4].filter_inst
 31. Parameter Settings for User Entity Instance: filter:gen_filters[4].filter_inst|coeffs:coeffs_inst
 32. Parameter Settings for User Entity Instance: filter:gen_filters[4].filter_inst|delay_pipeline:delay_pipeline_inst
 33. Parameter Settings for User Entity Instance: filter:gen_filters[4].filter_inst|compute:compute_inst
 34. Parameter Settings for User Entity Instance: filter:gen_filters[5].filter_inst
 35. Parameter Settings for User Entity Instance: filter:gen_filters[5].filter_inst|coeffs:coeffs_inst
 36. Parameter Settings for User Entity Instance: filter:gen_filters[5].filter_inst|delay_pipeline:delay_pipeline_inst
 37. Parameter Settings for User Entity Instance: filter:gen_filters[5].filter_inst|compute:compute_inst
 38. Parameter Settings for User Entity Instance: filter:gen_filters[6].filter_inst
 39. Parameter Settings for User Entity Instance: filter:gen_filters[6].filter_inst|coeffs:coeffs_inst
 40. Parameter Settings for User Entity Instance: filter:gen_filters[6].filter_inst|delay_pipeline:delay_pipeline_inst
 41. Parameter Settings for User Entity Instance: filter:gen_filters[6].filter_inst|compute:compute_inst
 42. Parameter Settings for User Entity Instance: filter:gen_filters[7].filter_inst
 43. Parameter Settings for User Entity Instance: filter:gen_filters[7].filter_inst|coeffs:coeffs_inst
 44. Parameter Settings for User Entity Instance: filter:gen_filters[7].filter_inst|delay_pipeline:delay_pipeline_inst
 45. Parameter Settings for User Entity Instance: filter:gen_filters[7].filter_inst|compute:compute_inst
 46. Post-Synthesis Netlist Statistics for Top Partition
 47. Elapsed Time Per Partition
 48. Analysis & Synthesis Messages
 49. Analysis & Synthesis Suppressed Messages



----------------
; Legal Notice ;
----------------
Copyright (C) 2023  Intel Corporation. All rights reserved.
Your use of Intel Corporation's design tools, logic functions 
and other software and tools, and any partner logic 
functions, and any output files from any of the foregoing 
(including device programming or simulation files), and any 
associated documentation or information are expressly subject 
to the terms and conditions of the Intel Program License 
Subscription Agreement, the Intel Quartus Prime License Agreement,
the Intel FPGA IP License Agreement, or other applicable license
agreement, including, without limitation, that your use is for
the sole purpose of programming logic devices manufactured by
Intel and sold by Intel or its authorized distributors.  Please
refer to the applicable agreement for further details, at
https://fpgasoftware.intel.com/eula.



+----------------------------------------------------------------------------------+
; Analysis & Synthesis Summary                                                     ;
+---------------------------------+------------------------------------------------+
; Analysis & Synthesis Status     ; Successful - Fri Apr 12 01:18:28 2024          ;
; Quartus Prime Version           ; 22.1std.2 Build 922 07/20/2023 SC Lite Edition ;
; Revision Name                   ; equalizer                                      ;
; Top-level Entity Name           ; equalizer_8band                                ;
; Family                          ; Cyclone V                                      ;
; Logic utilization (in ALMs)     ; N/A                                            ;
; Total registers                 ; 8630                                           ;
; Total pins                      ; 52                                             ;
; Total virtual pins              ; 0                                              ;
; Total block memory bits         ; 0                                              ;
; Total DSP Blocks                ; 16                                             ;
; Total HSSI RX PCSs              ; 0                                              ;
; Total HSSI PMA RX Deserializers ; 0                                              ;
; Total HSSI TX PCSs              ; 0                                              ;
; Total HSSI PMA TX Serializers   ; 0                                              ;
; Total PLLs                      ; 0                                              ;
; Total DLLs                      ; 0                                              ;
+---------------------------------+------------------------------------------------+


+---------------------------------------------------------------------------------------------------------------------------+
; Analysis & Synthesis Settings                                                                                             ;
+---------------------------------------------------------------------------------+--------------------+--------------------+
; Option                                                                          ; Setting            ; Default Value      ;
+---------------------------------------------------------------------------------+--------------------+--------------------+
; Device                                                                          ; 5CGXFC7C7F23C8     ;                    ;
; Top-level entity name                                                           ; equalizer_8band    ; equalizer          ;
; Family name                                                                     ; Cyclone V          ; Cyclone V          ;
; Use smart compilation                                                           ; Off                ; Off                ;
; Enable parallel Assembler and Timing Analyzer during compilation                ; On                 ; On                 ;
; Enable compact report table                                                     ; Off                ; Off                ;
; Restructure Multiplexers                                                        ; Auto               ; Auto               ;
; MLAB Add Timing Constraints For Mixed-Port Feed-Through Mode Setting Don't Care ; Off                ; Off                ;
; Create Debugging Nodes for IP Cores                                             ; Off                ; Off                ;
; Preserve fewer node names                                                       ; On                 ; On                 ;
; Intel FPGA IP Evaluation Mode                                                   ; Enable             ; Enable             ;
; Verilog Version                                                                 ; Verilog_2001       ; Verilog_2001       ;
; VHDL Version                                                                    ; VHDL_1993          ; VHDL_1993          ;
; State Machine Processing                                                        ; Auto               ; Auto               ;
; Safe State Machine                                                              ; Off                ; Off                ;
; Extract Verilog State Machines                                                  ; On                 ; On                 ;
; Extract VHDL State Machines                                                     ; On                 ; On                 ;
; Ignore Verilog initial constructs                                               ; Off                ; Off                ;
; Iteration limit for constant Verilog loops                                      ; 5000               ; 5000               ;
; Iteration limit for non-constant Verilog loops                                  ; 250                ; 250                ;
; Add Pass-Through Logic to Inferred RAMs                                         ; On                 ; On                 ;
; Infer RAMs from Raw Logic                                                       ; On                 ; On                 ;
; Parallel Synthesis                                                              ; On                 ; On                 ;
; DSP Block Balancing                                                             ; Auto               ; Auto               ;
; NOT Gate Push-Back                                                              ; On                 ; On                 ;
; Power-Up Don't Care                                                             ; On                 ; On                 ;
; Remove Redundant Logic Cells                                                    ; Off                ; Off                ;
; Remove Duplicate Registers                                                      ; On                 ; On                 ;
; Ignore CARRY Buffers                                                            ; Off                ; Off                ;
; Ignore CASCADE Buffers                                                          ; Off                ; Off                ;
; Ignore GLOBAL Buffers                                                           ; Off                ; Off                ;
; Ignore ROW GLOBAL Buffers                                                       ; Off                ; Off                ;
; Ignore LCELL Buffers                                                            ; Off                ; Off                ;
; Ignore SOFT Buffers                                                             ; On                 ; On                 ;
; Limit AHDL Integers to 32 Bits                                                  ; Off                ; Off                ;
; Optimization Technique                                                          ; Balanced           ; Balanced           ;
; Carry Chain Length                                                              ; 70                 ; 70                 ;
; Auto Carry Chains                                                               ; On                 ; On                 ;
; Auto Open-Drain Pins                                                            ; On                 ; On                 ;
; Perform WYSIWYG Primitive Resynthesis                                           ; Off                ; Off                ;
; Auto ROM Replacement                                                            ; On                 ; On                 ;
; Auto RAM Replacement                                                            ; On                 ; On                 ;
; Auto DSP Block Replacement                                                      ; On                 ; On                 ;
; Auto Shift Register Replacement                                                 ; Auto               ; Auto               ;
; Allow Shift Register Merging across Hierarchies                                 ; Auto               ; Auto               ;
; Auto Clock Enable Replacement                                                   ; On                 ; On                 ;
; Strict RAM Replacement                                                          ; Off                ; Off                ;
; Allow Synchronous Control Signals                                               ; On                 ; On                 ;
; Force Use of Synchronous Clear Signals                                          ; Off                ; Off                ;
; Auto Resource Sharing                                                           ; Off                ; Off                ;
; Allow Any RAM Size For Recognition                                              ; Off                ; Off                ;
; Allow Any ROM Size For Recognition                                              ; Off                ; Off                ;
; Allow Any Shift Register Size For Recognition                                   ; Off                ; Off                ;
; Use LogicLock Constraints during Resource Balancing                             ; On                 ; On                 ;
; Ignore translate_off and synthesis_off directives                               ; Off                ; Off                ;
; Timing-Driven Synthesis                                                         ; On                 ; On                 ;
; Report Parameter Settings                                                       ; On                 ; On                 ;
; Report Source Assignments                                                       ; On                 ; On                 ;
; Report Connectivity Checks                                                      ; On                 ; On                 ;
; Ignore Maximum Fan-Out Assignments                                              ; Off                ; Off                ;
; Synchronization Register Chain Length                                           ; 3                  ; 3                  ;
; Power Optimization During Synthesis                                             ; Normal compilation ; Normal compilation ;
; HDL message level                                                               ; Level2             ; Level2             ;
; Suppress Register Optimization Related Messages                                 ; Off                ; Off                ;
; Number of Removed Registers Reported in Synthesis Report                        ; 5000               ; 5000               ;
; Number of Swept Nodes Reported in Synthesis Report                              ; 5000               ; 5000               ;
; Number of Inverted Registers Reported in Synthesis Report                       ; 100                ; 100                ;
; Clock MUX Protection                                                            ; On                 ; On                 ;
; Auto Gated Clock Conversion                                                     ; Off                ; Off                ;
; Block Design Naming                                                             ; Auto               ; Auto               ;
; SDC constraint protection                                                       ; Off                ; Off                ;
; Synthesis Effort                                                                ; Auto               ; Auto               ;
; Shift Register Replacement - Allow Asynchronous Clear Signal                    ; On                 ; On                 ;
; Pre-Mapping Resynthesis Optimization                                            ; Off                ; Off                ;
; Analysis & Synthesis Message Level                                              ; Medium             ; Medium             ;
; Disable Register Merging Across Hierarchies                                     ; Auto               ; Auto               ;
; Resource Aware Inference For Block RAM                                          ; On                 ; On                 ;
; Automatic Parallel Synthesis                                                    ; On                 ; On                 ;
; Partial Reconfiguration Bitstream ID                                            ; Off                ; Off                ;
+---------------------------------------------------------------------------------+--------------------+--------------------+


+------------------------------------------+
; Parallel Compilation                     ;
+----------------------------+-------------+
; Processors                 ; Number      ;
+----------------------------+-------------+
; Number detected on machine ; 4           ;
; Maximum allowed            ; 4           ;
;                            ;             ;
; Average used               ; 1.00        ;
; Maximum used               ; 4           ;
;                            ;             ;
; Usage by Processor         ; % Time Used ;
;     Processor 1            ; 100.0%      ;
;     Processor 2            ;   0.1%      ;
;     Processor 3            ;   0.1%      ;
;     Processor 4            ;   0.0%      ;
+----------------------------+-------------+


+--------------------------------------------------------------------------------------------------------------------------------------------------------------+
; Analysis & Synthesis Source Files Read                                                                                                                       ;
+----------------------------------+-----------------+------------------------+----------------------------------------------------------------------+---------+
; File Name with User-Entered Path ; Used in Netlist ; File Type              ; File Name with Absolute Path                                         ; Library ;
+----------------------------------+-----------------+------------------------+----------------------------------------------------------------------+---------+
; ../filter.v                      ; yes             ; User Verilog HDL File  ; //mac/AllFiles/Applications/CODESTUFF/OctaTune/HDL/filter.v          ;         ;
; ../equalizer_8band.v             ; yes             ; User Verilog HDL File  ; //mac/AllFiles/Applications/CODESTUFF/OctaTune/HDL/equalizer_8band.v ;         ;
; ../delay_pipeline.v              ; yes             ; User Verilog HDL File  ; //mac/AllFiles/Applications/CODESTUFF/OctaTune/HDL/delay_pipeline.v  ;         ;
; ../counter.v                     ; yes             ; User Verilog HDL File  ; //mac/AllFiles/Applications/CODESTUFF/OctaTune/HDL/counter.v         ;         ;
; ../compute.v                     ; yes             ; User Verilog HDL File  ; //mac/AllFiles/Applications/CODESTUFF/OctaTune/HDL/compute.v         ;         ;
; ../coeffs.v                      ; yes             ; User Verilog HDL File  ; //mac/AllFiles/Applications/CODESTUFF/OctaTune/HDL/coeffs.v          ;         ;
; ../amplifier.v                   ; yes             ; User Verilog HDL File  ; //mac/AllFiles/Applications/CODESTUFF/OctaTune/HDL/amplifier.v       ;         ;
+----------------------------------+-----------------+------------------------+----------------------------------------------------------------------+---------+


+---------------------------------------------------------+
; Analysis & Synthesis Resource Usage Summary             ;
+---------------------------------------------+-----------+
; Resource                                    ; Usage     ;
+---------------------------------------------+-----------+
; Estimate of Logic utilization (ALMs needed) ; 5684      ;
;                                             ;           ;
; Combinational ALUT usage for logic          ; 3258      ;
;     -- 7 input functions                    ; 0         ;
;     -- 6 input functions                    ; 2688      ;
;     -- 5 input functions                    ; 0         ;
;     -- 4 input functions                    ; 53        ;
;     -- <=3 input functions                  ; 517       ;
;                                             ;           ;
; Dedicated logic registers                   ; 8630      ;
;                                             ;           ;
; I/O pins                                    ; 52        ;
;                                             ;           ;
; Total DSP Blocks                            ; 16        ;
;                                             ;           ;
; Maximum fan-out node                        ; clk~input ;
; Maximum fan-out                             ; 8630      ;
; Total fan-out                               ; 53343     ;
; Average fan-out                             ; 4.44      ;
+---------------------------------------------+-----------+


+------------------------------------------------------------------------------------------------------------------------------------------------------------------------------------------------------------------------------------------------------------------------------+
; Analysis & Synthesis Resource Utilization by Entity                                                                                                                                                                                                                          ;
+--------------------------------------------+---------------------+---------------------------+-------------------+------------+------+--------------+---------------------------------------------------------------------------------------+-----------------+--------------+
; Compilation Hierarchy Node                 ; Combinational ALUTs ; Dedicated Logic Registers ; Block Memory Bits ; DSP Blocks ; Pins ; Virtual Pins ; Full Hierarchy Name                                                                   ; Entity Name     ; Library Name ;
+--------------------------------------------+---------------------+---------------------------+-------------------+------------+------+--------------+---------------------------------------------------------------------------------------+-----------------+--------------+
; |equalizer_8band                           ; 3258 (80)           ; 8630 (16)                 ; 0                 ; 16         ; 52   ; 0            ; |equalizer_8band                                                                      ; equalizer_8band ; work         ;
;    |amplifier:amplifier_inst|              ; 128 (128)           ; 0 (0)                     ; 0                 ; 8          ; 0    ; 0            ; |equalizer_8band|amplifier:amplifier_inst                                             ; amplifier       ; work         ;
;    |counter:counter_inst|                  ; 10 (10)             ; 6 (6)                     ; 0                 ; 0          ; 0    ; 0            ; |equalizer_8band|counter:counter_inst                                                 ; counter         ; work         ;
;    |filter:gen_filters[0].filter_inst|     ; 370 (0)             ; 1076 (0)                  ; 0                 ; 1          ; 0    ; 0            ; |equalizer_8band|filter:gen_filters[0].filter_inst                                    ; filter          ; work         ;
;       |compute:compute_inst|               ; 34 (34)             ; 52 (52)                   ; 0                 ; 1          ; 0    ; 0            ; |equalizer_8band|filter:gen_filters[0].filter_inst|compute:compute_inst               ; compute         ; work         ;
;       |delay_pipeline:delay_pipeline_inst| ; 336 (336)           ; 1024 (1024)               ; 0                 ; 0          ; 0    ; 0            ; |equalizer_8band|filter:gen_filters[0].filter_inst|delay_pipeline:delay_pipeline_inst ; delay_pipeline  ; work         ;
;    |filter:gen_filters[1].filter_inst|     ; 386 (0)             ; 1076 (0)                  ; 0                 ; 1          ; 0    ; 0            ; |equalizer_8band|filter:gen_filters[1].filter_inst                                    ; filter          ; work         ;
;       |compute:compute_inst|               ; 50 (50)             ; 52 (52)                   ; 0                 ; 1          ; 0    ; 0            ; |equalizer_8band|filter:gen_filters[1].filter_inst|compute:compute_inst               ; compute         ; work         ;
;       |delay_pipeline:delay_pipeline_inst| ; 336 (336)           ; 1024 (1024)               ; 0                 ; 0          ; 0    ; 0            ; |equalizer_8band|filter:gen_filters[1].filter_inst|delay_pipeline:delay_pipeline_inst ; delay_pipeline  ; work         ;
;    |filter:gen_filters[2].filter_inst|     ; 370 (0)             ; 1076 (0)                  ; 0                 ; 1          ; 0    ; 0            ; |equalizer_8band|filter:gen_filters[2].filter_inst                                    ; filter          ; work         ;
;       |compute:compute_inst|               ; 34 (34)             ; 52 (52)                   ; 0                 ; 1          ; 0    ; 0            ; |equalizer_8band|filter:gen_filters[2].filter_inst|compute:compute_inst               ; compute         ; work         ;
;       |delay_pipeline:delay_pipeline_inst| ; 336 (336)           ; 1024 (1024)               ; 0                 ; 0          ; 0    ; 0            ; |equalizer_8band|filter:gen_filters[2].filter_inst|delay_pipeline:delay_pipeline_inst ; delay_pipeline  ; work         ;
;    |filter:gen_filters[3].filter_inst|     ; 386 (0)             ; 1076 (0)                  ; 0                 ; 1          ; 0    ; 0            ; |equalizer_8band|filter:gen_filters[3].filter_inst                                    ; filter          ; work         ;
;       |compute:compute_inst|               ; 50 (50)             ; 52 (52)                   ; 0                 ; 1          ; 0    ; 0            ; |equalizer_8band|filter:gen_filters[3].filter_inst|compute:compute_inst               ; compute         ; work         ;
;       |delay_pipeline:delay_pipeline_inst| ; 336 (336)           ; 1024 (1024)               ; 0                 ; 0          ; 0    ; 0            ; |equalizer_8band|filter:gen_filters[3].filter_inst|delay_pipeline:delay_pipeline_inst ; delay_pipeline  ; work         ;
;    |filter:gen_filters[4].filter_inst|     ; 370 (0)             ; 1076 (0)                  ; 0                 ; 1          ; 0    ; 0            ; |equalizer_8band|filter:gen_filters[4].filter_inst                                    ; filter          ; work         ;
;       |compute:compute_inst|               ; 34 (34)             ; 52 (52)                   ; 0                 ; 1          ; 0    ; 0            ; |equalizer_8band|filter:gen_filters[4].filter_inst|compute:compute_inst               ; compute         ; work         ;
;       |delay_pipeline:delay_pipeline_inst| ; 336 (336)           ; 1024 (1024)               ; 0                 ; 0          ; 0    ; 0            ; |equalizer_8band|filter:gen_filters[4].filter_inst|delay_pipeline:delay_pipeline_inst ; delay_pipeline  ; work         ;
;    |filter:gen_filters[5].filter_inst|     ; 386 (0)             ; 1076 (0)                  ; 0                 ; 1          ; 0    ; 0            ; |equalizer_8band|filter:gen_filters[5].filter_inst                                    ; filter          ; work         ;
;       |compute:compute_inst|               ; 50 (50)             ; 52 (52)                   ; 0                 ; 1          ; 0    ; 0            ; |equalizer_8band|filter:gen_filters[5].filter_inst|compute:compute_inst               ; compute         ; work         ;
;       |delay_pipeline:delay_pipeline_inst| ; 336 (336)           ; 1024 (1024)               ; 0                 ; 0          ; 0    ; 0            ; |equalizer_8band|filter:gen_filters[5].filter_inst|delay_pipeline:delay_pipeline_inst ; delay_pipeline  ; work         ;
;    |filter:gen_filters[6].filter_inst|     ; 386 (0)             ; 1076 (0)                  ; 0                 ; 1          ; 0    ; 0            ; |equalizer_8band|filter:gen_filters[6].filter_inst                                    ; filter          ; work         ;
;       |compute:compute_inst|               ; 50 (50)             ; 52 (52)                   ; 0                 ; 1          ; 0    ; 0            ; |equalizer_8band|filter:gen_filters[6].filter_inst|compute:compute_inst               ; compute         ; work         ;
;       |delay_pipeline:delay_pipeline_inst| ; 336 (336)           ; 1024 (1024)               ; 0                 ; 0          ; 0    ; 0            ; |equalizer_8band|filter:gen_filters[6].filter_inst|delay_pipeline:delay_pipeline_inst ; delay_pipeline  ; work         ;
;    |filter:gen_filters[7].filter_inst|     ; 386 (0)             ; 1076 (0)                  ; 0                 ; 1          ; 0    ; 0            ; |equalizer_8band|filter:gen_filters[7].filter_inst                                    ; filter          ; work         ;
;       |compute:compute_inst|               ; 50 (50)             ; 52 (52)                   ; 0                 ; 1          ; 0    ; 0            ; |equalizer_8band|filter:gen_filters[7].filter_inst|compute:compute_inst               ; compute         ; work         ;
;       |delay_pipeline:delay_pipeline_inst| ; 336 (336)           ; 1024 (1024)               ; 0                 ; 0          ; 0    ; 0            ; |equalizer_8band|filter:gen_filters[7].filter_inst|delay_pipeline:delay_pipeline_inst ; delay_pipeline  ; work         ;
+--------------------------------------------+---------------------+---------------------------+-------------------+------------+------+--------------+---------------------------------------------------------------------------------------+-----------------+--------------+
Note: For table entries with two numbers listed, the numbers in parentheses indicate the number of resources of the given type used by the specific entity alone. The numbers listed outside of parentheses indicate the total resources of the given type used by the specific entity and all of its sub-entities in the hierarchy.


+----------------------------------------------+
; Analysis & Synthesis DSP Block Usage Summary ;
+-------------------------------+--------------+
; Statistic                     ; Number Used  ;
+-------------------------------+--------------+
; Two Independent 18x18         ; 16           ;
; Total number of DSP blocks    ; 16           ;
;                               ;              ;
; Fixed Point Signed Multiplier ; 16           ;
+-------------------------------+--------------+


+------------------------------------------------------+
; General Register Statistics                          ;
+----------------------------------------------+-------+
; Statistic                                    ; Value ;
+----------------------------------------------+-------+
; Total registers                              ; 8630  ;
; Number of registers using Synchronous Clear  ; 0     ;
; Number of registers using Synchronous Load   ; 400   ;
; Number of registers using Asynchronous Clear ; 8630  ;
; Number of registers using Asynchronous Load  ; 0     ;
; Number of registers using Clock Enable       ; 8614  ;
; Number of registers using Preset             ; 0     ;
+----------------------------------------------+-------+


+---------------------------------------------------------------------------------------------------------------------------------------------------------------------------------------------------------------------------+
; Multiplexer Restructuring Statistics (Restructuring Performed)                                                                                                                                                            ;
+--------------------+-----------+---------------+----------------------+------------------------+------------+-------------------------------------------------------------------------------------------------------------+
; Multiplexer Inputs ; Bus Width ; Baseline Area ; Area if Restructured ; Saving if Restructured ; Registered ; Example Multiplexer Output                                                                                  ;
+--------------------+-----------+---------------+----------------------+------------------------+------------+-------------------------------------------------------------------------------------------------------------+
; 4:1                ; 16 bits   ; 32 LEs        ; 32 LEs               ; 0 LEs                  ; Yes        ; |equalizer_8band|filter:gen_filters[7].filter_inst|delay_pipeline:delay_pipeline_inst|delay_pipeline[0][8]  ;
; 4:1                ; 16 bits   ; 32 LEs        ; 32 LEs               ; 0 LEs                  ; Yes        ; |equalizer_8band|filter:gen_filters[6].filter_inst|delay_pipeline:delay_pipeline_inst|delay_pipeline[0][14] ;
; 4:1                ; 16 bits   ; 32 LEs        ; 32 LEs               ; 0 LEs                  ; Yes        ; |equalizer_8band|filter:gen_filters[5].filter_inst|delay_pipeline:delay_pipeline_inst|delay_pipeline[0][10] ;
; 4:1                ; 16 bits   ; 32 LEs        ; 32 LEs               ; 0 LEs                  ; Yes        ; |equalizer_8band|filter:gen_filters[4].filter_inst|delay_pipeline:delay_pipeline_inst|delay_pipeline[0][13] ;
; 4:1                ; 16 bits   ; 32 LEs        ; 32 LEs               ; 0 LEs                  ; Yes        ; |equalizer_8band|filter:gen_filters[3].filter_inst|delay_pipeline:delay_pipeline_inst|delay_pipeline[0][10] ;
; 4:1                ; 16 bits   ; 32 LEs        ; 32 LEs               ; 0 LEs                  ; Yes        ; |equalizer_8band|filter:gen_filters[2].filter_inst|delay_pipeline:delay_pipeline_inst|delay_pipeline[0][7]  ;
; 4:1                ; 16 bits   ; 32 LEs        ; 32 LEs               ; 0 LEs                  ; Yes        ; |equalizer_8band|filter:gen_filters[1].filter_inst|delay_pipeline:delay_pipeline_inst|delay_pipeline[0][14] ;
; 4:1                ; 16 bits   ; 32 LEs        ; 32 LEs               ; 0 LEs                  ; Yes        ; |equalizer_8band|filter:gen_filters[0].filter_inst|delay_pipeline:delay_pipeline_inst|delay_pipeline[0][5]  ;
; 3:1                ; 16 bits   ; 32 LEs        ; 32 LEs               ; 0 LEs                  ; No         ; |equalizer_8band|filter:gen_filters[7].filter_inst|compute:compute_inst|filter_out[13]                      ;
; 3:1                ; 16 bits   ; 32 LEs        ; 32 LEs               ; 0 LEs                  ; No         ; |equalizer_8band|filter:gen_filters[6].filter_inst|compute:compute_inst|filter_out[3]                       ;
; 3:1                ; 16 bits   ; 32 LEs        ; 32 LEs               ; 0 LEs                  ; No         ; |equalizer_8band|filter:gen_filters[5].filter_inst|compute:compute_inst|filter_out[13]                      ;
; 3:1                ; 16 bits   ; 32 LEs        ; 32 LEs               ; 0 LEs                  ; No         ; |equalizer_8band|filter:gen_filters[4].filter_inst|compute:compute_inst|filter_out[15]                      ;
; 3:1                ; 16 bits   ; 32 LEs        ; 32 LEs               ; 0 LEs                  ; No         ; |equalizer_8band|filter:gen_filters[3].filter_inst|compute:compute_inst|filter_out[5]                       ;
; 3:1                ; 16 bits   ; 32 LEs        ; 32 LEs               ; 0 LEs                  ; No         ; |equalizer_8band|filter:gen_filters[2].filter_inst|compute:compute_inst|filter_out[7]                       ;
; 3:1                ; 16 bits   ; 32 LEs        ; 32 LEs               ; 0 LEs                  ; No         ; |equalizer_8band|filter:gen_filters[1].filter_inst|compute:compute_inst|filter_out[1]                       ;
; 3:1                ; 16 bits   ; 32 LEs        ; 32 LEs               ; 0 LEs                  ; No         ; |equalizer_8band|filter:gen_filters[0].filter_inst|compute:compute_inst|filter_out[1]                       ;
; 64:1               ; 128 bits  ; 5376 LEs      ; 5376 LEs             ; 0 LEs                  ; No         ; |equalizer_8band|filter:gen_filters[0].filter_inst|delay_pipeline:delay_pipeline_inst|Mux5                  ;
+--------------------+-----------+---------------+----------------------+------------------------+------------+-------------------------------------------------------------------------------------------------------------+


+---------------------------------------------------------------------------------+
; Parameter Settings for User Entity Instance: Top-level Entity: |equalizer_8band ;
+-------------------+------------------------------------+------------------------+
; Parameter Name    ; Value                              ; Type                   ;
+-------------------+------------------------------------+------------------------+
; FILTER_IN_BITS    ; 16                                 ; Signed Integer         ;
; FILTER_OUT_BITS   ; 16                                 ; Signed Integer         ;
; NUMBER_OF_FILTERS ; 8                                  ; Signed Integer         ;
; GAIN_BITS         ; 2                                  ; Signed Integer         ;
; GAIN_FRAC_BITS    ; 0                                  ; Signed Integer         ;
; COUNTER_MIN       ; 000000                             ; Unsigned Binary        ;
; COUNTER_MAX       ; 111111                             ; Unsigned Binary        ;
; COUNTER_BITS      ; 6                                  ; Signed Integer         ;
; NUMBER_OF_TAPS    ; 64                                 ; Signed Integer         ;
; COEFF_BITS        ; 16                                 ; Signed Integer         ;
; COEFF_FRAC_BITS   ; 16                                 ; Signed Integer         ;
; FILTER_COEFFS_TXT ; ./filter_coeffs/filters_coeffs.txt ; String                 ;
+-------------------+------------------------------------+------------------------+
Note: In order to hide this table in the UI and the text report file, please set the "Show Parameter Settings in Synthesis Report" option in "Analysis and Synthesis Settings -> More Settings" to "Off".


+-------------------------------------------------------------------+
; Parameter Settings for User Entity Instance: counter:counter_inst ;
+----------------+--------+-----------------------------------------+
; Parameter Name ; Value  ; Type                                    ;
+----------------+--------+-----------------------------------------+
; COUNTER_MIN    ; 000000 ; Unsigned Binary                         ;
; COUNTER_MAX    ; 111111 ; Unsigned Binary                         ;
+----------------+--------+-----------------------------------------+
Note: In order to hide this table in the UI and the text report file, please set the "Show Parameter Settings in Synthesis Report" option in "Analysis and Synthesis Settings -> More Settings" to "Off".


+-----------------------------------------------------------------------+
; Parameter Settings for User Entity Instance: amplifier:amplifier_inst ;
+-------------------+-------+-------------------------------------------+
; Parameter Name    ; Value ; Type                                      ;
+-------------------+-------+-------------------------------------------+
; NUMBER_OF_FILTERS ; 8     ; Signed Integer                            ;
; GAIN_BITS         ; 2     ; Signed Integer                            ;
; GAIN_FRAC_BITS    ; 0     ; Signed Integer                            ;
; FILTER_IN_BITS    ; 16    ; Signed Integer                            ;
+-------------------+-------+-------------------------------------------+
Note: In order to hide this table in the UI and the text report file, please set the "Show Parameter Settings in Synthesis Report" option in "Analysis and Synthesis Settings -> More Settings" to "Off".


+--------------------------------------------------------------------------------+
; Parameter Settings for User Entity Instance: filter:gen_filters[0].filter_inst ;
+-----------------+-------+------------------------------------------------------+
; Parameter Name  ; Value ; Type                                                 ;
+-----------------+-------+------------------------------------------------------+
; FILTER_IN_BITS  ; 16    ; Signed Integer                                       ;
; FILTER_OUT_BITS ; 16    ; Signed Integer                                       ;
; COUNTER_BITS    ; 6     ; Signed Integer                                       ;
; NUMBER_OF_TAPS  ; 64    ; Signed Integer                                       ;
; COEFF_BITS      ; 16    ; Signed Integer                                       ;
; COEFF_FRAC_BITS ; 16    ; Signed Integer                                       ;
+-----------------+-------+------------------------------------------------------+
Note: In order to hide this table in the UI and the text report file, please set the "Show Parameter Settings in Synthesis Report" option in "Analysis and Synthesis Settings -> More Settings" to "Off".


+---------------------------------------------------------------------------------------------------+
; Parameter Settings for User Entity Instance: filter:gen_filters[0].filter_inst|coeffs:coeffs_inst ;
+----------------+-------+--------------------------------------------------------------------------+
; Parameter Name ; Value ; Type                                                                     ;
+----------------+-------+--------------------------------------------------------------------------+
; COUNTER_BITS   ; 6     ; Signed Integer                                                           ;
; NUMBER_OF_TAPS ; 64    ; Signed Integer                                                           ;
; COEFF_BITS     ; 16    ; Signed Integer                                                           ;
+----------------+-------+--------------------------------------------------------------------------+
Note: In order to hide this table in the UI and the text report file, please set the "Show Parameter Settings in Synthesis Report" option in "Analysis and Synthesis Settings -> More Settings" to "Off".


+-------------------------------------------------------------------------------------------------------------------+
; Parameter Settings for User Entity Instance: filter:gen_filters[0].filter_inst|delay_pipeline:delay_pipeline_inst ;
+-----------------+-------+-----------------------------------------------------------------------------------------+
; Parameter Name  ; Value ; Type                                                                                    ;
+-----------------+-------+-----------------------------------------------------------------------------------------+
; FILTER_IN_BITS  ; 16    ; Signed Integer                                                                          ;
; FILTER_OUT_BITS ; 16    ; Signed Integer                                                                          ;
; COUNTER_BITS    ; 6     ; Signed Integer                                                                          ;
; NUMBER_OF_TAPS  ; 64    ; Signed Integer                                                                          ;
+-----------------+-------+-----------------------------------------------------------------------------------------+
Note: In order to hide this table in the UI and the text report file, please set the "Show Parameter Settings in Synthesis Report" option in "Analysis and Synthesis Settings -> More Settings" to "Off".


+-----------------------------------------------------------------------------------------------------+
; Parameter Settings for User Entity Instance: filter:gen_filters[0].filter_inst|compute:compute_inst ;
+-----------------+-------+---------------------------------------------------------------------------+
; Parameter Name  ; Value ; Type                                                                      ;
+-----------------+-------+---------------------------------------------------------------------------+
; FILTER_IN_BITS  ; 16    ; Signed Integer                                                            ;
; FILTER_OUT_BITS ; 16    ; Signed Integer                                                            ;
; NUMBER_OF_TAPS  ; 64    ; Signed Integer                                                            ;
; COEFF_BITS      ; 16    ; Signed Integer                                                            ;
; COEFF_FRAC_BITS ; 16    ; Signed Integer                                                            ;
+-----------------+-------+---------------------------------------------------------------------------+
Note: In order to hide this table in the UI and the text report file, please set the "Show Parameter Settings in Synthesis Report" option in "Analysis and Synthesis Settings -> More Settings" to "Off".


+--------------------------------------------------------------------------------+
; Parameter Settings for User Entity Instance: filter:gen_filters[1].filter_inst ;
+-----------------+-------+------------------------------------------------------+
; Parameter Name  ; Value ; Type                                                 ;
+-----------------+-------+------------------------------------------------------+
; FILTER_IN_BITS  ; 16    ; Signed Integer                                       ;
; FILTER_OUT_BITS ; 16    ; Signed Integer                                       ;
; COUNTER_BITS    ; 6     ; Signed Integer                                       ;
; NUMBER_OF_TAPS  ; 64    ; Signed Integer                                       ;
; COEFF_BITS      ; 16    ; Signed Integer                                       ;
; COEFF_FRAC_BITS ; 16    ; Signed Integer                                       ;
+-----------------+-------+------------------------------------------------------+
Note: In order to hide this table in the UI and the text report file, please set the "Show Parameter Settings in Synthesis Report" option in "Analysis and Synthesis Settings -> More Settings" to "Off".


+---------------------------------------------------------------------------------------------------+
; Parameter Settings for User Entity Instance: filter:gen_filters[1].filter_inst|coeffs:coeffs_inst ;
+----------------+-------+--------------------------------------------------------------------------+
; Parameter Name ; Value ; Type                                                                     ;
+----------------+-------+--------------------------------------------------------------------------+
; COUNTER_BITS   ; 6     ; Signed Integer                                                           ;
; NUMBER_OF_TAPS ; 64    ; Signed Integer                                                           ;
; COEFF_BITS     ; 16    ; Signed Integer                                                           ;
+----------------+-------+--------------------------------------------------------------------------+
Note: In order to hide this table in the UI and the text report file, please set the "Show Parameter Settings in Synthesis Report" option in "Analysis and Synthesis Settings -> More Settings" to "Off".


+-------------------------------------------------------------------------------------------------------------------+
; Parameter Settings for User Entity Instance: filter:gen_filters[1].filter_inst|delay_pipeline:delay_pipeline_inst ;
+-----------------+-------+-----------------------------------------------------------------------------------------+
; Parameter Name  ; Value ; Type                                                                                    ;
+-----------------+-------+-----------------------------------------------------------------------------------------+
; FILTER_IN_BITS  ; 16    ; Signed Integer                                                                          ;
; FILTER_OUT_BITS ; 16    ; Signed Integer                                                                          ;
; COUNTER_BITS    ; 6     ; Signed Integer                                                                          ;
; NUMBER_OF_TAPS  ; 64    ; Signed Integer                                                                          ;
+-----------------+-------+-----------------------------------------------------------------------------------------+
Note: In order to hide this table in the UI and the text report file, please set the "Show Parameter Settings in Synthesis Report" option in "Analysis and Synthesis Settings -> More Settings" to "Off".


+-----------------------------------------------------------------------------------------------------+
; Parameter Settings for User Entity Instance: filter:gen_filters[1].filter_inst|compute:compute_inst ;
+-----------------+-------+---------------------------------------------------------------------------+
; Parameter Name  ; Value ; Type                                                                      ;
+-----------------+-------+---------------------------------------------------------------------------+
; FILTER_IN_BITS  ; 16    ; Signed Integer                                                            ;
; FILTER_OUT_BITS ; 16    ; Signed Integer                                                            ;
; NUMBER_OF_TAPS  ; 64    ; Signed Integer                                                            ;
; COEFF_BITS      ; 16    ; Signed Integer                                                            ;
; COEFF_FRAC_BITS ; 16    ; Signed Integer                                                            ;
+-----------------+-------+---------------------------------------------------------------------------+
Note: In order to hide this table in the UI and the text report file, please set the "Show Parameter Settings in Synthesis Report" option in "Analysis and Synthesis Settings -> More Settings" to "Off".


+--------------------------------------------------------------------------------+
; Parameter Settings for User Entity Instance: filter:gen_filters[2].filter_inst ;
+-----------------+-------+------------------------------------------------------+
; Parameter Name  ; Value ; Type                                                 ;
+-----------------+-------+------------------------------------------------------+
; FILTER_IN_BITS  ; 16    ; Signed Integer                                       ;
; FILTER_OUT_BITS ; 16    ; Signed Integer                                       ;
; COUNTER_BITS    ; 6     ; Signed Integer                                       ;
; NUMBER_OF_TAPS  ; 64    ; Signed Integer                                       ;
; COEFF_BITS      ; 16    ; Signed Integer                                       ;
; COEFF_FRAC_BITS ; 16    ; Signed Integer                                       ;
+-----------------+-------+------------------------------------------------------+
Note: In order to hide this table in the UI and the text report file, please set the "Show Parameter Settings in Synthesis Report" option in "Analysis and Synthesis Settings -> More Settings" to "Off".


+---------------------------------------------------------------------------------------------------+
; Parameter Settings for User Entity Instance: filter:gen_filters[2].filter_inst|coeffs:coeffs_inst ;
+----------------+-------+--------------------------------------------------------------------------+
; Parameter Name ; Value ; Type                                                                     ;
+----------------+-------+--------------------------------------------------------------------------+
; COUNTER_BITS   ; 6     ; Signed Integer                                                           ;
; NUMBER_OF_TAPS ; 64    ; Signed Integer                                                           ;
; COEFF_BITS     ; 16    ; Signed Integer                                                           ;
+----------------+-------+--------------------------------------------------------------------------+
Note: In order to hide this table in the UI and the text report file, please set the "Show Parameter Settings in Synthesis Report" option in "Analysis and Synthesis Settings -> More Settings" to "Off".


+-------------------------------------------------------------------------------------------------------------------+
; Parameter Settings for User Entity Instance: filter:gen_filters[2].filter_inst|delay_pipeline:delay_pipeline_inst ;
+-----------------+-------+-----------------------------------------------------------------------------------------+
; Parameter Name  ; Value ; Type                                                                                    ;
+-----------------+-------+-----------------------------------------------------------------------------------------+
; FILTER_IN_BITS  ; 16    ; Signed Integer                                                                          ;
; FILTER_OUT_BITS ; 16    ; Signed Integer                                                                          ;
; COUNTER_BITS    ; 6     ; Signed Integer                                                                          ;
; NUMBER_OF_TAPS  ; 64    ; Signed Integer                                                                          ;
+-----------------+-------+-----------------------------------------------------------------------------------------+
Note: In order to hide this table in the UI and the text report file, please set the "Show Parameter Settings in Synthesis Report" option in "Analysis and Synthesis Settings -> More Settings" to "Off".


+-----------------------------------------------------------------------------------------------------+
; Parameter Settings for User Entity Instance: filter:gen_filters[2].filter_inst|compute:compute_inst ;
+-----------------+-------+---------------------------------------------------------------------------+
; Parameter Name  ; Value ; Type                                                                      ;
+-----------------+-------+---------------------------------------------------------------------------+
; FILTER_IN_BITS  ; 16    ; Signed Integer                                                            ;
; FILTER_OUT_BITS ; 16    ; Signed Integer                                                            ;
; NUMBER_OF_TAPS  ; 64    ; Signed Integer                                                            ;
; COEFF_BITS      ; 16    ; Signed Integer                                                            ;
; COEFF_FRAC_BITS ; 16    ; Signed Integer                                                            ;
+-----------------+-------+---------------------------------------------------------------------------+
Note: In order to hide this table in the UI and the text report file, please set the "Show Parameter Settings in Synthesis Report" option in "Analysis and Synthesis Settings -> More Settings" to "Off".


+--------------------------------------------------------------------------------+
; Parameter Settings for User Entity Instance: filter:gen_filters[3].filter_inst ;
+-----------------+-------+------------------------------------------------------+
; Parameter Name  ; Value ; Type                                                 ;
+-----------------+-------+------------------------------------------------------+
; FILTER_IN_BITS  ; 16    ; Signed Integer                                       ;
; FILTER_OUT_BITS ; 16    ; Signed Integer                                       ;
; COUNTER_BITS    ; 6     ; Signed Integer                                       ;
; NUMBER_OF_TAPS  ; 64    ; Signed Integer                                       ;
; COEFF_BITS      ; 16    ; Signed Integer                                       ;
; COEFF_FRAC_BITS ; 16    ; Signed Integer                                       ;
+-----------------+-------+------------------------------------------------------+
Note: In order to hide this table in the UI and the text report file, please set the "Show Parameter Settings in Synthesis Report" option in "Analysis and Synthesis Settings -> More Settings" to "Off".


+---------------------------------------------------------------------------------------------------+
; Parameter Settings for User Entity Instance: filter:gen_filters[3].filter_inst|coeffs:coeffs_inst ;
+----------------+-------+--------------------------------------------------------------------------+
; Parameter Name ; Value ; Type                                                                     ;
+----------------+-------+--------------------------------------------------------------------------+
; COUNTER_BITS   ; 6     ; Signed Integer                                                           ;
; NUMBER_OF_TAPS ; 64    ; Signed Integer                                                           ;
; COEFF_BITS     ; 16    ; Signed Integer                                                           ;
+----------------+-------+--------------------------------------------------------------------------+
Note: In order to hide this table in the UI and the text report file, please set the "Show Parameter Settings in Synthesis Report" option in "Analysis and Synthesis Settings -> More Settings" to "Off".


+-------------------------------------------------------------------------------------------------------------------+
; Parameter Settings for User Entity Instance: filter:gen_filters[3].filter_inst|delay_pipeline:delay_pipeline_inst ;
+-----------------+-------+-----------------------------------------------------------------------------------------+
; Parameter Name  ; Value ; Type                                                                                    ;
+-----------------+-------+-----------------------------------------------------------------------------------------+
; FILTER_IN_BITS  ; 16    ; Signed Integer                                                                          ;
; FILTER_OUT_BITS ; 16    ; Signed Integer                                                                          ;
; COUNTER_BITS    ; 6     ; Signed Integer                                                                          ;
; NUMBER_OF_TAPS  ; 64    ; Signed Integer                                                                          ;
+-----------------+-------+-----------------------------------------------------------------------------------------+
Note: In order to hide this table in the UI and the text report file, please set the "Show Parameter Settings in Synthesis Report" option in "Analysis and Synthesis Settings -> More Settings" to "Off".


+-----------------------------------------------------------------------------------------------------+
; Parameter Settings for User Entity Instance: filter:gen_filters[3].filter_inst|compute:compute_inst ;
+-----------------+-------+---------------------------------------------------------------------------+
; Parameter Name  ; Value ; Type                                                                      ;
+-----------------+-------+---------------------------------------------------------------------------+
; FILTER_IN_BITS  ; 16    ; Signed Integer                                                            ;
; FILTER_OUT_BITS ; 16    ; Signed Integer                                                            ;
; NUMBER_OF_TAPS  ; 64    ; Signed Integer                                                            ;
; COEFF_BITS      ; 16    ; Signed Integer                                                            ;
; COEFF_FRAC_BITS ; 16    ; Signed Integer                                                            ;
+-----------------+-------+---------------------------------------------------------------------------+
Note: In order to hide this table in the UI and the text report file, please set the "Show Parameter Settings in Synthesis Report" option in "Analysis and Synthesis Settings -> More Settings" to "Off".


+--------------------------------------------------------------------------------+
; Parameter Settings for User Entity Instance: filter:gen_filters[4].filter_inst ;
+-----------------+-------+------------------------------------------------------+
; Parameter Name  ; Value ; Type                                                 ;
+-----------------+-------+------------------------------------------------------+
; FILTER_IN_BITS  ; 16    ; Signed Integer                                       ;
; FILTER_OUT_BITS ; 16    ; Signed Integer                                       ;
; COUNTER_BITS    ; 6     ; Signed Integer                                       ;
; NUMBER_OF_TAPS  ; 64    ; Signed Integer                                       ;
; COEFF_BITS      ; 16    ; Signed Integer                                       ;
; COEFF_FRAC_BITS ; 16    ; Signed Integer                                       ;
+-----------------+-------+------------------------------------------------------+
Note: In order to hide this table in the UI and the text report file, please set the "Show Parameter Settings in Synthesis Report" option in "Analysis and Synthesis Settings -> More Settings" to "Off".


+---------------------------------------------------------------------------------------------------+
; Parameter Settings for User Entity Instance: filter:gen_filters[4].filter_inst|coeffs:coeffs_inst ;
+----------------+-------+--------------------------------------------------------------------------+
; Parameter Name ; Value ; Type                                                                     ;
+----------------+-------+--------------------------------------------------------------------------+
; COUNTER_BITS   ; 6     ; Signed Integer                                                           ;
; NUMBER_OF_TAPS ; 64    ; Signed Integer                                                           ;
; COEFF_BITS     ; 16    ; Signed Integer                                                           ;
+----------------+-------+--------------------------------------------------------------------------+
Note: In order to hide this table in the UI and the text report file, please set the "Show Parameter Settings in Synthesis Report" option in "Analysis and Synthesis Settings -> More Settings" to "Off".


+-------------------------------------------------------------------------------------------------------------------+
; Parameter Settings for User Entity Instance: filter:gen_filters[4].filter_inst|delay_pipeline:delay_pipeline_inst ;
+-----------------+-------+-----------------------------------------------------------------------------------------+
; Parameter Name  ; Value ; Type                                                                                    ;
+-----------------+-------+-----------------------------------------------------------------------------------------+
; FILTER_IN_BITS  ; 16    ; Signed Integer                                                                          ;
; FILTER_OUT_BITS ; 16    ; Signed Integer                                                                          ;
; COUNTER_BITS    ; 6     ; Signed Integer                                                                          ;
; NUMBER_OF_TAPS  ; 64    ; Signed Integer                                                                          ;
+-----------------+-------+-----------------------------------------------------------------------------------------+
Note: In order to hide this table in the UI and the text report file, please set the "Show Parameter Settings in Synthesis Report" option in "Analysis and Synthesis Settings -> More Settings" to "Off".


+-----------------------------------------------------------------------------------------------------+
; Parameter Settings for User Entity Instance: filter:gen_filters[4].filter_inst|compute:compute_inst ;
+-----------------+-------+---------------------------------------------------------------------------+
; Parameter Name  ; Value ; Type                                                                      ;
+-----------------+-------+---------------------------------------------------------------------------+
; FILTER_IN_BITS  ; 16    ; Signed Integer                                                            ;
; FILTER_OUT_BITS ; 16    ; Signed Integer                                                            ;
; NUMBER_OF_TAPS  ; 64    ; Signed Integer                                                            ;
; COEFF_BITS      ; 16    ; Signed Integer                                                            ;
; COEFF_FRAC_BITS ; 16    ; Signed Integer                                                            ;
+-----------------+-------+---------------------------------------------------------------------------+
Note: In order to hide this table in the UI and the text report file, please set the "Show Parameter Settings in Synthesis Report" option in "Analysis and Synthesis Settings -> More Settings" to "Off".


+--------------------------------------------------------------------------------+
; Parameter Settings for User Entity Instance: filter:gen_filters[5].filter_inst ;
+-----------------+-------+------------------------------------------------------+
; Parameter Name  ; Value ; Type                                                 ;
+-----------------+-------+------------------------------------------------------+
; FILTER_IN_BITS  ; 16    ; Signed Integer                                       ;
; FILTER_OUT_BITS ; 16    ; Signed Integer                                       ;
; COUNTER_BITS    ; 6     ; Signed Integer                                       ;
; NUMBER_OF_TAPS  ; 64    ; Signed Integer                                       ;
; COEFF_BITS      ; 16    ; Signed Integer                                       ;
; COEFF_FRAC_BITS ; 16    ; Signed Integer                                       ;
+-----------------+-------+------------------------------------------------------+
Note: In order to hide this table in the UI and the text report file, please set the "Show Parameter Settings in Synthesis Report" option in "Analysis and Synthesis Settings -> More Settings" to "Off".


+---------------------------------------------------------------------------------------------------+
; Parameter Settings for User Entity Instance: filter:gen_filters[5].filter_inst|coeffs:coeffs_inst ;
+----------------+-------+--------------------------------------------------------------------------+
; Parameter Name ; Value ; Type                                                                     ;
+----------------+-------+--------------------------------------------------------------------------+
; COUNTER_BITS   ; 6     ; Signed Integer                                                           ;
; NUMBER_OF_TAPS ; 64    ; Signed Integer                                                           ;
; COEFF_BITS     ; 16    ; Signed Integer                                                           ;
+----------------+-------+--------------------------------------------------------------------------+
Note: In order to hide this table in the UI and the text report file, please set the "Show Parameter Settings in Synthesis Report" option in "Analysis and Synthesis Settings -> More Settings" to "Off".


+-------------------------------------------------------------------------------------------------------------------+
; Parameter Settings for User Entity Instance: filter:gen_filters[5].filter_inst|delay_pipeline:delay_pipeline_inst ;
+-----------------+-------+-----------------------------------------------------------------------------------------+
; Parameter Name  ; Value ; Type                                                                                    ;
+-----------------+-------+-----------------------------------------------------------------------------------------+
; FILTER_IN_BITS  ; 16    ; Signed Integer                                                                          ;
; FILTER_OUT_BITS ; 16    ; Signed Integer                                                                          ;
; COUNTER_BITS    ; 6     ; Signed Integer                                                                          ;
; NUMBER_OF_TAPS  ; 64    ; Signed Integer                                                                          ;
+-----------------+-------+-----------------------------------------------------------------------------------------+
Note: In order to hide this table in the UI and the text report file, please set the "Show Parameter Settings in Synthesis Report" option in "Analysis and Synthesis Settings -> More Settings" to "Off".


+-----------------------------------------------------------------------------------------------------+
; Parameter Settings for User Entity Instance: filter:gen_filters[5].filter_inst|compute:compute_inst ;
+-----------------+-------+---------------------------------------------------------------------------+
; Parameter Name  ; Value ; Type                                                                      ;
+-----------------+-------+---------------------------------------------------------------------------+
; FILTER_IN_BITS  ; 16    ; Signed Integer                                                            ;
; FILTER_OUT_BITS ; 16    ; Signed Integer                                                            ;
; NUMBER_OF_TAPS  ; 64    ; Signed Integer                                                            ;
; COEFF_BITS      ; 16    ; Signed Integer                                                            ;
; COEFF_FRAC_BITS ; 16    ; Signed Integer                                                            ;
+-----------------+-------+---------------------------------------------------------------------------+
Note: In order to hide this table in the UI and the text report file, please set the "Show Parameter Settings in Synthesis Report" option in "Analysis and Synthesis Settings -> More Settings" to "Off".


+--------------------------------------------------------------------------------+
; Parameter Settings for User Entity Instance: filter:gen_filters[6].filter_inst ;
+-----------------+-------+------------------------------------------------------+
; Parameter Name  ; Value ; Type                                                 ;
+-----------------+-------+------------------------------------------------------+
; FILTER_IN_BITS  ; 16    ; Signed Integer                                       ;
; FILTER_OUT_BITS ; 16    ; Signed Integer                                       ;
; COUNTER_BITS    ; 6     ; Signed Integer                                       ;
; NUMBER_OF_TAPS  ; 64    ; Signed Integer                                       ;
; COEFF_BITS      ; 16    ; Signed Integer                                       ;
; COEFF_FRAC_BITS ; 16    ; Signed Integer                                       ;
+-----------------+-------+------------------------------------------------------+
Note: In order to hide this table in the UI and the text report file, please set the "Show Parameter Settings in Synthesis Report" option in "Analysis and Synthesis Settings -> More Settings" to "Off".


+---------------------------------------------------------------------------------------------------+
; Parameter Settings for User Entity Instance: filter:gen_filters[6].filter_inst|coeffs:coeffs_inst ;
+----------------+-------+--------------------------------------------------------------------------+
; Parameter Name ; Value ; Type                                                                     ;
+----------------+-------+--------------------------------------------------------------------------+
; COUNTER_BITS   ; 6     ; Signed Integer                                                           ;
; NUMBER_OF_TAPS ; 64    ; Signed Integer                                                           ;
; COEFF_BITS     ; 16    ; Signed Integer                                                           ;
+----------------+-------+--------------------------------------------------------------------------+
Note: In order to hide this table in the UI and the text report file, please set the "Show Parameter Settings in Synthesis Report" option in "Analysis and Synthesis Settings -> More Settings" to "Off".


+-------------------------------------------------------------------------------------------------------------------+
; Parameter Settings for User Entity Instance: filter:gen_filters[6].filter_inst|delay_pipeline:delay_pipeline_inst ;
+-----------------+-------+-----------------------------------------------------------------------------------------+
; Parameter Name  ; Value ; Type                                                                                    ;
+-----------------+-------+-----------------------------------------------------------------------------------------+
; FILTER_IN_BITS  ; 16    ; Signed Integer                                                                          ;
; FILTER_OUT_BITS ; 16    ; Signed Integer                                                                          ;
; COUNTER_BITS    ; 6     ; Signed Integer                                                                          ;
; NUMBER_OF_TAPS  ; 64    ; Signed Integer                                                                          ;
+-----------------+-------+-----------------------------------------------------------------------------------------+
Note: In order to hide this table in the UI and the text report file, please set the "Show Parameter Settings in Synthesis Report" option in "Analysis and Synthesis Settings -> More Settings" to "Off".


+-----------------------------------------------------------------------------------------------------+
; Parameter Settings for User Entity Instance: filter:gen_filters[6].filter_inst|compute:compute_inst ;
+-----------------+-------+---------------------------------------------------------------------------+
; Parameter Name  ; Value ; Type                                                                      ;
+-----------------+-------+---------------------------------------------------------------------------+
; FILTER_IN_BITS  ; 16    ; Signed Integer                                                            ;
; FILTER_OUT_BITS ; 16    ; Signed Integer                                                            ;
; NUMBER_OF_TAPS  ; 64    ; Signed Integer                                                            ;
; COEFF_BITS      ; 16    ; Signed Integer                                                            ;
; COEFF_FRAC_BITS ; 16    ; Signed Integer                                                            ;
+-----------------+-------+---------------------------------------------------------------------------+
Note: In order to hide this table in the UI and the text report file, please set the "Show Parameter Settings in Synthesis Report" option in "Analysis and Synthesis Settings -> More Settings" to "Off".


+--------------------------------------------------------------------------------+
; Parameter Settings for User Entity Instance: filter:gen_filters[7].filter_inst ;
+-----------------+-------+------------------------------------------------------+
; Parameter Name  ; Value ; Type                                                 ;
+-----------------+-------+------------------------------------------------------+
; FILTER_IN_BITS  ; 16    ; Signed Integer                                       ;
; FILTER_OUT_BITS ; 16    ; Signed Integer                                       ;
; COUNTER_BITS    ; 6     ; Signed Integer                                       ;
; NUMBER_OF_TAPS  ; 64    ; Signed Integer                                       ;
; COEFF_BITS      ; 16    ; Signed Integer                                       ;
; COEFF_FRAC_BITS ; 16    ; Signed Integer                                       ;
+-----------------+-------+------------------------------------------------------+
Note: In order to hide this table in the UI and the text report file, please set the "Show Parameter Settings in Synthesis Report" option in "Analysis and Synthesis Settings -> More Settings" to "Off".


+---------------------------------------------------------------------------------------------------+
; Parameter Settings for User Entity Instance: filter:gen_filters[7].filter_inst|coeffs:coeffs_inst ;
+----------------+-------+--------------------------------------------------------------------------+
; Parameter Name ; Value ; Type                                                                     ;
+----------------+-------+--------------------------------------------------------------------------+
; COUNTER_BITS   ; 6     ; Signed Integer                                                           ;
; NUMBER_OF_TAPS ; 64    ; Signed Integer                                                           ;
; COEFF_BITS     ; 16    ; Signed Integer                                                           ;
+----------------+-------+--------------------------------------------------------------------------+
Note: In order to hide this table in the UI and the text report file, please set the "Show Parameter Settings in Synthesis Report" option in "Analysis and Synthesis Settings -> More Settings" to "Off".


+-------------------------------------------------------------------------------------------------------------------+
; Parameter Settings for User Entity Instance: filter:gen_filters[7].filter_inst|delay_pipeline:delay_pipeline_inst ;
+-----------------+-------+-----------------------------------------------------------------------------------------+
; Parameter Name  ; Value ; Type                                                                                    ;
+-----------------+-------+-----------------------------------------------------------------------------------------+
; FILTER_IN_BITS  ; 16    ; Signed Integer                                                                          ;
; FILTER_OUT_BITS ; 16    ; Signed Integer                                                                          ;
; COUNTER_BITS    ; 6     ; Signed Integer                                                                          ;
; NUMBER_OF_TAPS  ; 64    ; Signed Integer                                                                          ;
+-----------------+-------+-----------------------------------------------------------------------------------------+
Note: In order to hide this table in the UI and the text report file, please set the "Show Parameter Settings in Synthesis Report" option in "Analysis and Synthesis Settings -> More Settings" to "Off".


+-----------------------------------------------------------------------------------------------------+
; Parameter Settings for User Entity Instance: filter:gen_filters[7].filter_inst|compute:compute_inst ;
+-----------------+-------+---------------------------------------------------------------------------+
; Parameter Name  ; Value ; Type                                                                      ;
+-----------------+-------+---------------------------------------------------------------------------+
; FILTER_IN_BITS  ; 16    ; Signed Integer                                                            ;
; FILTER_OUT_BITS ; 16    ; Signed Integer                                                            ;
; NUMBER_OF_TAPS  ; 64    ; Signed Integer                                                            ;
; COEFF_BITS      ; 16    ; Signed Integer                                                            ;
; COEFF_FRAC_BITS ; 16    ; Signed Integer                                                            ;
+-----------------+-------+---------------------------------------------------------------------------+
Note: In order to hide this table in the UI and the text report file, please set the "Show Parameter Settings in Synthesis Report" option in "Analysis and Synthesis Settings -> More Settings" to "Off".


+-----------------------------------------------------+
; Post-Synthesis Netlist Statistics for Top Partition ;
+-----------------------+-----------------------------+
; Type                  ; Count                       ;
+-----------------------+-----------------------------+
; arriav_ff             ; 8630                        ;
;     CLR               ; 16                          ;
;     ENA CLR           ; 8214                        ;
;     ENA CLR SLD       ; 400                         ;
; arriav_lcell_comb     ; 3258                        ;
;     arith             ; 320                         ;
;         2 data inputs ; 272                         ;
;         4 data inputs ; 48                          ;
;     normal            ; 2906                        ;
;         1 data inputs ; 1                           ;
;         2 data inputs ; 1                           ;
;         3 data inputs ; 211                         ;
;         4 data inputs ; 5                           ;
;         6 data inputs ; 2688                        ;
;     shared            ; 32                          ;
;         3 data inputs ; 32                          ;
; arriav_mac            ; 16                          ;
; boundary_port         ; 52                          ;
;                       ;                             ;
; Max LUT depth         ; 5.50                        ;
; Average LUT depth     ; 3.00                        ;
+-----------------------+-----------------------------+


+-------------------------------+
; Elapsed Time Per Partition    ;
+----------------+--------------+
; Partition Name ; Elapsed Time ;
+----------------+--------------+
; Top            ; 00:00:09     ;
+----------------+--------------+


+-------------------------------+
; Analysis & Synthesis Messages ;
+-------------------------------+
Info: *******************************************************************
Info: Running Quartus Prime Analysis & Synthesis
    Info: Version 22.1std.2 Build 922 07/20/2023 SC Lite Edition
    Info: Processing started: Fri Apr 12 01:17:49 2024
Info: Command: quartus_map --read_settings_files=on --write_settings_files=off equalizer -c equalizer
Warning (18236): Number of processors has not been specified which may cause overloading on shared machines.  Set the global assignment NUM_PARALLEL_PROCESSORS in your QSF to an appropriate value for best performance.
Info (20030): Parallel compilation is enabled and will use 4 of the 4 processors detected
Info (12021): Found 1 design units, including 1 entities, in source file //mac/allfiles/applications/codestuff/octatune/hdl/filter.v
    Info (12023): Found entity 1: filter File: //mac/AllFiles/Applications/CODESTUFF/OctaTune/HDL/filter.v Line: 1
Info (12021): Found 1 design units, including 1 entities, in source file //mac/allfiles/applications/codestuff/octatune/hdl/equalizer_8band.v
    Info (12023): Found entity 1: equalizer_8band File: //mac/AllFiles/Applications/CODESTUFF/OctaTune/HDL/equalizer_8band.v Line: 1
Info (12021): Found 1 design units, including 1 entities, in source file //mac/allfiles/applications/codestuff/octatune/hdl/equalizer.v
    Info (12023): Found entity 1: equalizer File: //mac/AllFiles/Applications/CODESTUFF/OctaTune/HDL/equalizer.v Line: 1
Info (12021): Found 1 design units, including 1 entities, in source file //mac/allfiles/applications/codestuff/octatune/hdl/delay_pipeline.v
    Info (12023): Found entity 1: delay_pipeline File: //mac/AllFiles/Applications/CODESTUFF/OctaTune/HDL/delay_pipeline.v Line: 1
Info (12021): Found 1 design units, including 1 entities, in source file //mac/allfiles/applications/codestuff/octatune/hdl/counter.v
    Info (12023): Found entity 1: counter File: //mac/AllFiles/Applications/CODESTUFF/OctaTune/HDL/counter.v Line: 1
Info (12021): Found 1 design units, including 1 entities, in source file //mac/allfiles/applications/codestuff/octatune/hdl/compute.v
    Info (12023): Found entity 1: compute File: //mac/AllFiles/Applications/CODESTUFF/OctaTune/HDL/compute.v Line: 1
Info (12021): Found 1 design units, including 1 entities, in source file //mac/allfiles/applications/codestuff/octatune/hdl/coeffs.v
    Info (12023): Found entity 1: coeffs File: //mac/AllFiles/Applications/CODESTUFF/OctaTune/HDL/coeffs.v Line: 1
Info (12021): Found 1 design units, including 1 entities, in source file //mac/allfiles/applications/codestuff/octatune/hdl/amplifier.v
    Info (12023): Found entity 1: amplifier File: //mac/AllFiles/Applications/CODESTUFF/OctaTune/HDL/amplifier.v Line: 1
Warning (10222): Verilog HDL Parameter Declaration warning at compute.v(20): Parameter Declaration in module "compute" behaves as a Local Parameter Declaration because the module has a Module Parameter Port List File: //mac/AllFiles/Applications/CODESTUFF/OctaTune/HDL/compute.v Line: 20
Info (12127): Elaborating entity "equalizer_8band" for the top level hierarchy
Warning (10036): Verilog HDL or VHDL warning at equalizer_8band.v(85): object "filtered_outs" assigned a value but never read File: //mac/AllFiles/Applications/CODESTUFF/OctaTune/HDL/equalizer_8band.v Line: 85
Info (12128): Elaborating entity "counter" for hierarchy "counter:counter_inst" File: //mac/AllFiles/Applications/CODESTUFF/OctaTune/HDL/equalizer_8band.v Line: 49
Warning (10230): Verilog HDL assignment warning at counter.v(23): truncated value with size 32 to match size of target (6) File: //mac/AllFiles/Applications/CODESTUFF/OctaTune/HDL/counter.v Line: 23
Warning (10230): Verilog HDL assignment warning at counter.v(29): truncated value with size 32 to match size of target (1) File: //mac/AllFiles/Applications/CODESTUFF/OctaTune/HDL/counter.v Line: 29
Info (12128): Elaborating entity "amplifier" for hierarchy "amplifier:amplifier_inst" File: //mac/AllFiles/Applications/CODESTUFF/OctaTune/HDL/equalizer_8band.v Line: 66
Warning (10230): Verilog HDL assignment warning at amplifier.v(78): truncated value with size 18 to match size of target (16) File: //mac/AllFiles/Applications/CODESTUFF/OctaTune/HDL/amplifier.v Line: 78
Info (12128): Elaborating entity "filter" for hierarchy "filter:gen_filters[0].filter_inst" File: //mac/AllFiles/Applications/CODESTUFF/OctaTune/HDL/equalizer_8band.v Line: 120
Info (12128): Elaborating entity "coeffs" for hierarchy "filter:gen_filters[0].filter_inst|coeffs:coeffs_inst" File: //mac/AllFiles/Applications/CODESTUFF/OctaTune/HDL/filter.v Line: 35
Info (12128): Elaborating entity "delay_pipeline" for hierarchy "filter:gen_filters[0].filter_inst|delay_pipeline:delay_pipeline_inst" File: //mac/AllFiles/Applications/CODESTUFF/OctaTune/HDL/filter.v Line: 56
Info (12128): Elaborating entity "compute" for hierarchy "filter:gen_filters[0].filter_inst|compute:compute_inst" File: //mac/AllFiles/Applications/CODESTUFF/OctaTune/HDL/filter.v Line: 78
Info (286030): Timing-Driven Synthesis is running
Info (144001): Generated suppressed messages file /Applications/CODESTUFF/OctaTune/HDL/Quartus/output_files/equalizer.map.smsg
Info (16010): Generating hard_block partition "hard_block:auto_generated_inst"
    Info (16011): Adding 0 node(s), including 0 DDIO, 0 PLL, 0 transceiver and 0 LCELL
Info (21057): Implemented 11534 device resources after synthesis - the final resource count might be different
    Info (21058): Implemented 36 input pins
    Info (21059): Implemented 16 output pins
    Info (21061): Implemented 11466 logic cells
    Info (21062): Implemented 16 DSP elements
Info: Quartus Prime Analysis & Synthesis was successful. 0 errors, 6 warnings
    Info: Peak virtual memory: 13447 megabytes
    Info: Processing ended: Fri Apr 12 01:18:29 2024
    Info: Elapsed time: 00:00:40
    Info: Total CPU time (on all processors): 00:00:57


+------------------------------------------+
; Analysis & Synthesis Suppressed Messages ;
+------------------------------------------+
The suppressed messages can be found in /Applications/CODESTUFF/OctaTune/HDL/Quartus/output_files/equalizer.map.smsg.


