Analysis & Synthesis report for filter
Sat Apr  6 05:29:34 2024
Quartus Prime Version 22.1std.2 Build 922 07/20/2023 SC Lite Edition


---------------------
; Table of Contents ;
---------------------
  1. Legal Notice
  2. Analysis & Synthesis Summary
  3. Analysis & Synthesis Settings
  4. Parallel Compilation
  5. Analysis & Synthesis Source Files Read
  6. Analysis & Synthesis Resource Usage Summary
  7. Analysis & Synthesis Resource Utilization by Entity
  8. Analysis & Synthesis DSP Block Usage Summary
  9. Registers Removed During Synthesis
 10. Removed Registers Triggering Further Register Optimizations
 11. General Register Statistics
 12. Inverted Register Statistics
 13. Multiplexer Restructuring Statistics (Restructuring Performed)
 14. Port Connectivity Checks: "write_done_capture:write_done_capture_inst"
 15. Post-Synthesis Netlist Statistics for Top Partition
 16. Elapsed Time Per Partition
 17. Analysis & Synthesis Messages



----------------
; Legal Notice ;
----------------
Copyright (C) 2023  Intel Corporation. All rights reserved.
Your use of Intel Corporation's design tools, logic functions 
and other software and tools, and any partner logic 
functions, and any output files from any of the foregoing 
(including device programming or simulation files), and any 
associated documentation or information are expressly subject 
to the terms and conditions of the Intel Program License 
Subscription Agreement, the Intel Quartus Prime License Agreement,
the Intel FPGA IP License Agreement, or other applicable license
agreement, including, without limitation, that your use is for
the sole purpose of programming logic devices manufactured by
Intel and sold by Intel or its authorized distributors.  Please
refer to the applicable agreement for further details, at
https://fpgasoftware.intel.com/eula.



+----------------------------------------------------------------------------------+
; Analysis & Synthesis Summary                                                     ;
+---------------------------------+------------------------------------------------+
; Analysis & Synthesis Status     ; Successful - Sat Apr  6 05:29:34 2024          ;
; Quartus Prime Version           ; 22.1std.2 Build 922 07/20/2023 SC Lite Edition ;
; Revision Name                   ; filter                                         ;
; Top-level Entity Name           ; filter                                         ;
; Family                          ; Cyclone V                                      ;
; Logic utilization (in ALMs)     ; N/A                                            ;
; Total registers                 ; 3184                                           ;
; Total pins                      ; 59                                             ;
; Total virtual pins              ; 0                                              ;
; Total block memory bits         ; 0                                              ;
; Total DSP Blocks                ; 1                                              ;
; Total HSSI RX PCSs              ; 0                                              ;
; Total HSSI PMA RX Deserializers ; 0                                              ;
; Total HSSI TX PCSs              ; 0                                              ;
; Total HSSI PMA TX Serializers   ; 0                                              ;
; Total PLLs                      ; 0                                              ;
; Total DLLs                      ; 0                                              ;
+---------------------------------+------------------------------------------------+


+---------------------------------------------------------------------------------------------------------------------------+
; Analysis & Synthesis Settings                                                                                             ;
+---------------------------------------------------------------------------------+--------------------+--------------------+
; Option                                                                          ; Setting            ; Default Value      ;
+---------------------------------------------------------------------------------+--------------------+--------------------+
; Device                                                                          ; 5CGXFC7C7F23C8     ;                    ;
; Top-level entity name                                                           ; filter             ; filter             ;
; Family name                                                                     ; Cyclone V          ; Cyclone V          ;
; Use smart compilation                                                           ; Off                ; Off                ;
; Enable parallel Assembler and Timing Analyzer during compilation                ; On                 ; On                 ;
; Enable compact report table                                                     ; Off                ; Off                ;
; Restructure Multiplexers                                                        ; Auto               ; Auto               ;
; MLAB Add Timing Constraints For Mixed-Port Feed-Through Mode Setting Don't Care ; Off                ; Off                ;
; Create Debugging Nodes for IP Cores                                             ; Off                ; Off                ;
; Preserve fewer node names                                                       ; On                 ; On                 ;
; Intel FPGA IP Evaluation Mode                                                   ; Enable             ; Enable             ;
; Verilog Version                                                                 ; Verilog_2001       ; Verilog_2001       ;
; VHDL Version                                                                    ; VHDL_1993          ; VHDL_1993          ;
; State Machine Processing                                                        ; Auto               ; Auto               ;
; Safe State Machine                                                              ; Off                ; Off                ;
; Extract Verilog State Machines                                                  ; On                 ; On                 ;
; Extract VHDL State Machines                                                     ; On                 ; On                 ;
; Ignore Verilog initial constructs                                               ; Off                ; Off                ;
; Iteration limit for constant Verilog loops                                      ; 5000               ; 5000               ;
; Iteration limit for non-constant Verilog loops                                  ; 250                ; 250                ;
; Add Pass-Through Logic to Inferred RAMs                                         ; On                 ; On                 ;
; Infer RAMs from Raw Logic                                                       ; On                 ; On                 ;
; Parallel Synthesis                                                              ; On                 ; On                 ;
; DSP Block Balancing                                                             ; Auto               ; Auto               ;
; NOT Gate Push-Back                                                              ; On                 ; On                 ;
; Power-Up Don't Care                                                             ; On                 ; On                 ;
; Remove Redundant Logic Cells                                                    ; Off                ; Off                ;
; Remove Duplicate Registers                                                      ; On                 ; On                 ;
; Ignore CARRY Buffers                                                            ; Off                ; Off                ;
; Ignore CASCADE Buffers                                                          ; Off                ; Off                ;
; Ignore GLOBAL Buffers                                                           ; Off                ; Off                ;
; Ignore ROW GLOBAL Buffers                                                       ; Off                ; Off                ;
; Ignore LCELL Buffers                                                            ; Off                ; Off                ;
; Ignore SOFT Buffers                                                             ; On                 ; On                 ;
; Limit AHDL Integers to 32 Bits                                                  ; Off                ; Off                ;
; Optimization Technique                                                          ; Balanced           ; Balanced           ;
; Carry Chain Length                                                              ; 70                 ; 70                 ;
; Auto Carry Chains                                                               ; On                 ; On                 ;
; Auto Open-Drain Pins                                                            ; On                 ; On                 ;
; Perform WYSIWYG Primitive Resynthesis                                           ; Off                ; Off                ;
; Auto ROM Replacement                                                            ; On                 ; On                 ;
; Auto RAM Replacement                                                            ; On                 ; On                 ;
; Auto DSP Block Replacement                                                      ; On                 ; On                 ;
; Auto Shift Register Replacement                                                 ; Auto               ; Auto               ;
; Allow Shift Register Merging across Hierarchies                                 ; Auto               ; Auto               ;
; Auto Clock Enable Replacement                                                   ; On                 ; On                 ;
; Strict RAM Replacement                                                          ; Off                ; Off                ;
; Allow Synchronous Control Signals                                               ; On                 ; On                 ;
; Force Use of Synchronous Clear Signals                                          ; Off                ; Off                ;
; Auto Resource Sharing                                                           ; Off                ; Off                ;
; Allow Any RAM Size For Recognition                                              ; Off                ; Off                ;
; Allow Any ROM Size For Recognition                                              ; Off                ; Off                ;
; Allow Any Shift Register Size For Recognition                                   ; Off                ; Off                ;
; Use LogicLock Constraints during Resource Balancing                             ; On                 ; On                 ;
; Ignore translate_off and synthesis_off directives                               ; Off                ; Off                ;
; Timing-Driven Synthesis                                                         ; On                 ; On                 ;
; Report Parameter Settings                                                       ; On                 ; On                 ;
; Report Source Assignments                                                       ; On                 ; On                 ;
; Report Connectivity Checks                                                      ; On                 ; On                 ;
; Ignore Maximum Fan-Out Assignments                                              ; Off                ; Off                ;
; Synchronization Register Chain Length                                           ; 3                  ; 3                  ;
; Power Optimization During Synthesis                                             ; Normal compilation ; Normal compilation ;
; HDL message level                                                               ; Level2             ; Level2             ;
; Suppress Register Optimization Related Messages                                 ; Off                ; Off                ;
; Number of Removed Registers Reported in Synthesis Report                        ; 5000               ; 5000               ;
; Number of Swept Nodes Reported in Synthesis Report                              ; 5000               ; 5000               ;
; Number of Inverted Registers Reported in Synthesis Report                       ; 100                ; 100                ;
; Clock MUX Protection                                                            ; On                 ; On                 ;
; Auto Gated Clock Conversion                                                     ; Off                ; Off                ;
; Block Design Naming                                                             ; Auto               ; Auto               ;
; SDC constraint protection                                                       ; Off                ; Off                ;
; Synthesis Effort                                                                ; Auto               ; Auto               ;
; Shift Register Replacement - Allow Asynchronous Clear Signal                    ; On                 ; On                 ;
; Pre-Mapping Resynthesis Optimization                                            ; Off                ; Off                ;
; Analysis & Synthesis Message Level                                              ; Medium             ; Medium             ;
; Disable Register Merging Across Hierarchies                                     ; Auto               ; Auto               ;
; Resource Aware Inference For Block RAM                                          ; On                 ; On                 ;
; Automatic Parallel Synthesis                                                    ; On                 ; On                 ;
; Partial Reconfiguration Bitstream ID                                            ; Off                ; Off                ;
+---------------------------------------------------------------------------------+--------------------+--------------------+


+------------------------------------------+
; Parallel Compilation                     ;
+----------------------------+-------------+
; Processors                 ; Number      ;
+----------------------------+-------------+
; Number detected on machine ; 4           ;
; Maximum allowed            ; 4           ;
;                            ;             ;
; Average used               ; 1.00        ;
; Maximum used               ; 4           ;
;                            ;             ;
; Usage by Processor         ; % Time Used ;
;     Processor 1            ; 100.0%      ;
;     Processor 2            ;   0.0%      ;
;     Processor 3            ;   0.0%      ;
;     Processor 4            ;   0.0%      ;
+----------------------------+-------------+


+---------------------------------------------------------------------------------------------------------------------------------------------------------------------+
; Analysis & Synthesis Source Files Read                                                                                                                              ;
+----------------------------------+-----------------+------------------------+-----------------------------------------------------------------------------+---------+
; File Name with User-Entered Path ; Used in Netlist ; File Type              ; File Name with Absolute Path                                                ; Library ;
+----------------------------------+-----------------+------------------------+-----------------------------------------------------------------------------+---------+
; ../write_done_capture.v          ; yes             ; User Verilog HDL File  ; //mac/AllFiles/Applications/CODESTUFF/OctaTune/Modules/write_done_capture.v ;         ;
; ../phase_check.v                 ; yes             ; User Verilog HDL File  ; //mac/AllFiles/Applications/CODESTUFF/OctaTune/Modules/phase_check.v        ;         ;
; ../input_register.v              ; yes             ; User Verilog HDL File  ; //mac/AllFiles/Applications/CODESTUFF/OctaTune/Modules/input_register.v     ;         ;
; ../filter.v                      ; yes             ; User Verilog HDL File  ; //mac/AllFiles/Applications/CODESTUFF/OctaTune/Modules/filter.v             ;         ;
; ../delay_pipeline.v              ; yes             ; User Verilog HDL File  ; //mac/AllFiles/Applications/CODESTUFF/OctaTune/Modules/delay_pipeline.v     ;         ;
; ../counter.v                     ; yes             ; User Verilog HDL File  ; //mac/AllFiles/Applications/CODESTUFF/OctaTune/Modules/counter.v            ;         ;
; ../compute.v                     ; yes             ; User Verilog HDL File  ; //mac/AllFiles/Applications/CODESTUFF/OctaTune/Modules/compute.v            ;         ;
; ../coeffs_control.v              ; yes             ; User Verilog HDL File  ; //mac/AllFiles/Applications/CODESTUFF/OctaTune/Modules/coeffs_control.v     ;         ;
+----------------------------------+-----------------+------------------------+-----------------------------------------------------------------------------+---------+


+---------------------------------------------------------+
; Analysis & Synthesis Resource Usage Summary             ;
+---------------------------------------------+-----------+
; Resource                                    ; Usage     ;
+---------------------------------------------+-----------+
; Estimate of Logic utilization (ALMs needed) ; 1960      ;
;                                             ;           ;
; Combinational ALUT usage for logic          ; 835       ;
;     -- 7 input functions                    ; 0         ;
;     -- 6 input functions                    ; 722       ;
;     -- 5 input functions                    ; 8         ;
;     -- 4 input functions                    ; 3         ;
;     -- <=3 input functions                  ; 102       ;
;                                             ;           ;
; Dedicated logic registers                   ; 3184      ;
;                                             ;           ;
; I/O pins                                    ; 59        ;
;                                             ;           ;
; Total DSP Blocks                            ; 1         ;
;                                             ;           ;
; Maximum fan-out node                        ; clk~input ;
; Maximum fan-out                             ; 3184      ;
; Total fan-out                               ; 17541     ;
; Average fan-out                             ; 4.24      ;
+---------------------------------------------+-----------+


+---------------------------------------------------------------------------------------------------------------------------------------------------------------------------------------------------------------------------------------------------+
; Analysis & Synthesis Resource Utilization by Entity                                                                                                                                                                                               ;
+-------------------------------------------------+---------------------+---------------------------+-------------------+------------+------+--------------+----------------------------------------------------+--------------------+--------------+
; Compilation Hierarchy Node                      ; Combinational ALUTs ; Dedicated Logic Registers ; Block Memory Bits ; DSP Blocks ; Pins ; Virtual Pins ; Full Hierarchy Name                                ; Entity Name        ; Library Name ;
+-------------------------------------------------+---------------------+---------------------------+-------------------+------------+------+--------------+----------------------------------------------------+--------------------+--------------+
; |filter                                         ; 835 (0)             ; 3184 (0)                  ; 0                 ; 1          ; 59   ; 0            ; |filter                                            ; filter             ; work         ;
;    |coeffs_control:coeffs_control_inst|         ; 433 (433)           ; 2048 (2048)               ; 0                 ; 0          ; 0    ; 0            ; |filter|coeffs_control:coeffs_control_inst         ; coeffs_control     ; work         ;
;    |compute:compute_inst|                       ; 54 (54)             ; 80 (80)                   ; 0                 ; 1          ; 0    ; 0            ; |filter|compute:compute_inst                       ; compute            ; work         ;
;    |counter:counter_inst|                       ; 6 (6)               ; 6 (6)                     ; 0                 ; 0          ; 0    ; 0            ; |filter|counter:counter_inst                       ; counter            ; work         ;
;    |delay_pipeline:delay_pipeline_inst|         ; 336 (336)           ; 1024 (1024)               ; 0                 ; 0          ; 0    ; 0            ; |filter|delay_pipeline:delay_pipeline_inst         ; delay_pipeline     ; work         ;
;    |input_register:input_register_inst|         ; 0 (0)               ; 24 (24)                   ; 0                 ; 0          ; 0    ; 0            ; |filter|input_register:input_register_inst         ; input_register     ; work         ;
;    |phase_check:phase_check_inst|               ; 4 (4)               ; 0 (0)                     ; 0                 ; 0          ; 0    ; 0            ; |filter|phase_check:phase_check_inst               ; phase_check        ; work         ;
;    |write_done_capture:write_done_capture_inst| ; 2 (2)               ; 2 (2)                     ; 0                 ; 0          ; 0    ; 0            ; |filter|write_done_capture:write_done_capture_inst ; write_done_capture ; work         ;
+-------------------------------------------------+---------------------+---------------------------+-------------------+------------+------+--------------+----------------------------------------------------+--------------------+--------------+
Note: For table entries with two numbers listed, the numbers in parentheses indicate the number of resources of the given type used by the specific entity alone. The numbers listed outside of parentheses indicate the total resources of the given type used by the specific entity and all of its sub-entities in the hierarchy.


+----------------------------------------------+
; Analysis & Synthesis DSP Block Usage Summary ;
+-------------------------------+--------------+
; Statistic                     ; Number Used  ;
+-------------------------------+--------------+
; Two Independent 18x18         ; 1            ;
; Total number of DSP blocks    ; 1            ;
;                               ;              ;
; Fixed Point Signed Multiplier ; 1            ;
+-------------------------------+--------------+


+--------------------------------------------------------------------------------+
; Registers Removed During Synthesis                                             ;
+---------------------------------------+----------------------------------------+
; Register name                         ; Reason for Removal                     ;
+---------------------------------------+----------------------------------------+
; compute:compute_inst|acc_out[0]       ; Stuck at GND due to stuck port data_in ;
; compute:compute_inst|acc_final[0]     ; Stuck at GND due to stuck port data_in ;
; Total Number of Removed Registers = 2 ;                                        ;
+---------------------------------------+----------------------------------------+


+------------------------------------------------------------------------------------------------------+
; Removed Registers Triggering Further Register Optimizations                                          ;
+---------------------------------+---------------------------+----------------------------------------+
; Register name                   ; Reason for Removal        ; Registers Removed due to This Register ;
+---------------------------------+---------------------------+----------------------------------------+
; compute:compute_inst|acc_out[0] ; Stuck at GND              ; compute:compute_inst|acc_final[0]      ;
;                                 ; due to stuck port data_in ;                                        ;
+---------------------------------+---------------------------+----------------------------------------+


+------------------------------------------------------+
; General Register Statistics                          ;
+----------------------------------------------+-------+
; Statistic                                    ; Value ;
+----------------------------------------------+-------+
; Total registers                              ; 3184  ;
; Number of registers using Synchronous Clear  ; 14    ;
; Number of registers using Synchronous Load   ; 32    ;
; Number of registers using Asynchronous Clear ; 3184  ;
; Number of registers using Asynchronous Load  ; 0     ;
; Number of registers using Clock Enable       ; 3184  ;
; Number of registers using Preset             ; 0     ;
+----------------------------------------------+-------+


+--------------------------------------------------+
; Inverted Register Statistics                     ;
+----------------------------------------+---------+
; Inverted Register                      ; Fan out ;
+----------------------------------------+---------+
; counter:counter_inst|current_count[5]  ; 230     ;
; counter:counter_inst|current_count[4]  ; 225     ;
; counter:counter_inst|current_count[3]  ; 229     ;
; counter:counter_inst|current_count[2]  ; 230     ;
; counter:counter_inst|current_count[0]  ; 235     ;
; counter:counter_inst|current_count[1]  ; 228     ;
; Total number of inverted registers = 6 ;         ;
+----------------------------------------+---------+


+----------------------------------------------------------------------------------------------------------------------------------------------------------------+
; Multiplexer Restructuring Statistics (Restructuring Performed)                                                                                                 ;
+--------------------+-----------+---------------+----------------------+------------------------+------------+--------------------------------------------------+
; Multiplexer Inputs ; Bus Width ; Baseline Area ; Area if Restructured ; Saving if Restructured ; Registered ; Example Multiplexer Output                       ;
+--------------------+-----------+---------------+----------------------+------------------------+------------+--------------------------------------------------+
; 3:1                ; 14 bits   ; 28 LEs        ; 14 LEs               ; 14 LEs                 ; Yes        ; |filter|compute:compute_inst|filtered_sample[5]  ;
; 64:1               ; 32 bits   ; 1344 LEs      ; 1344 LEs             ; 0 LEs                  ; No         ; |filter|coeffs_control:coeffs_control_inst|Mux15 ;
+--------------------+-----------+---------------+----------------------+------------------------+------------+--------------------------------------------------+


+--------------------------------------------------------------------------------------------------------------------------------+
; Port Connectivity Checks: "write_done_capture:write_done_capture_inst"                                                         ;
+----------------------+--------+----------+-------------------------------------------------------------------------------------+
; Port                 ; Type   ; Severity ; Details                                                                             ;
+----------------------+--------+----------+-------------------------------------------------------------------------------------+
; o_write_done_capture ; Output ; Info     ; Connected to dangling logic. Logic that only feeds a dangling port will be removed. ;
; o_write_done_edge    ; Output ; Info     ; Connected to dangling logic. Logic that only feeds a dangling port will be removed. ;
+----------------------+--------+----------+-------------------------------------------------------------------------------------+


+-----------------------------------------------------+
; Post-Synthesis Netlist Statistics for Top Partition ;
+-----------------------+-----------------------------+
; Type                  ; Count                       ;
+-----------------------+-----------------------------+
; arriav_ff             ; 3184                        ;
;     ENA CLR           ; 3138                        ;
;     ENA CLR SCLR      ; 14                          ;
;     ENA CLR SLD       ; 32                          ;
; arriav_lcell_comb     ; 835                         ;
;     arith             ; 32                          ;
;         2 data inputs ; 32                          ;
;     normal            ; 803                         ;
;         1 data inputs ; 1                           ;
;         2 data inputs ; 67                          ;
;         3 data inputs ; 2                           ;
;         4 data inputs ; 3                           ;
;         5 data inputs ; 8                           ;
;         6 data inputs ; 722                         ;
; arriav_mac            ; 1                           ;
; boundary_port         ; 59                          ;
;                       ;                             ;
; Max LUT depth         ; 4.10                        ;
; Average LUT depth     ; 2.18                        ;
+-----------------------+-----------------------------+


+-------------------------------+
; Elapsed Time Per Partition    ;
+----------------+--------------+
; Partition Name ; Elapsed Time ;
+----------------+--------------+
; Top            ; 00:00:03     ;
+----------------+--------------+


+-------------------------------+
; Analysis & Synthesis Messages ;
+-------------------------------+
Info: *******************************************************************
Info: Running Quartus Prime Analysis & Synthesis
    Info: Version 22.1std.2 Build 922 07/20/2023 SC Lite Edition
    Info: Processing started: Sat Apr  6 05:29:08 2024
Info: Command: quartus_map --read_settings_files=on --write_settings_files=off filter -c filter
Warning (18236): Number of processors has not been specified which may cause overloading on shared machines.  Set the global assignment NUM_PARALLEL_PROCESSORS in your QSF to an appropriate value for best performance.
Info (20030): Parallel compilation is enabled and will use 4 of the 4 processors detected
Info (12021): Found 1 design units, including 1 entities, in source file //mac/allfiles/applications/codestuff/octatune/modules/write_done_capture.v
    Info (12023): Found entity 1: write_done_capture File: //mac/AllFiles/Applications/CODESTUFF/OctaTune/Modules/write_done_capture.v Line: 3
Info (12021): Found 1 design units, including 1 entities, in source file //mac/allfiles/applications/codestuff/octatune/modules/phase_check.v
    Info (12023): Found entity 1: phase_check File: //mac/AllFiles/Applications/CODESTUFF/OctaTune/Modules/phase_check.v Line: 3
Info (12021): Found 1 design units, including 1 entities, in source file //mac/allfiles/applications/codestuff/octatune/modules/input_register.v
    Info (12023): Found entity 1: input_register File: //mac/AllFiles/Applications/CODESTUFF/OctaTune/Modules/input_register.v Line: 3
Info (12021): Found 1 design units, including 1 entities, in source file //mac/allfiles/applications/codestuff/octatune/modules/filter.v
    Info (12023): Found entity 1: filter File: //mac/AllFiles/Applications/CODESTUFF/OctaTune/Modules/filter.v Line: 3
Info (12021): Found 1 design units, including 1 entities, in source file //mac/allfiles/applications/codestuff/octatune/modules/delay_pipeline.v
    Info (12023): Found entity 1: delay_pipeline File: //mac/AllFiles/Applications/CODESTUFF/OctaTune/Modules/delay_pipeline.v Line: 3
Info (12021): Found 1 design units, including 1 entities, in source file //mac/allfiles/applications/codestuff/octatune/modules/counter.v
    Info (12023): Found entity 1: counter File: //mac/AllFiles/Applications/CODESTUFF/OctaTune/Modules/counter.v Line: 3
Info (12021): Found 1 design units, including 1 entities, in source file //mac/allfiles/applications/codestuff/octatune/modules/compute.v
    Info (12023): Found entity 1: compute File: //mac/AllFiles/Applications/CODESTUFF/OctaTune/Modules/compute.v Line: 3
Info (12021): Found 1 design units, including 1 entities, in source file //mac/allfiles/applications/codestuff/octatune/modules/coeffs_control.v
    Info (12023): Found entity 1: coeffs_control File: //mac/AllFiles/Applications/CODESTUFF/OctaTune/Modules/coeffs_control.v Line: 3
Info (12127): Elaborating entity "filter" for the top level hierarchy
Info (12128): Elaborating entity "counter" for hierarchy "counter:counter_inst" File: //mac/AllFiles/Applications/CODESTUFF/OctaTune/Modules/filter.v Line: 25
Warning (10230): Verilog HDL assignment warning at counter.v(18): truncated value with size 32 to match size of target (6) File: //mac/AllFiles/Applications/CODESTUFF/OctaTune/Modules/counter.v Line: 18
Info (12128): Elaborating entity "phase_check" for hierarchy "phase_check:phase_check_inst" File: //mac/AllFiles/Applications/CODESTUFF/OctaTune/Modules/filter.v Line: 40
Warning (10230): Verilog HDL assignment warning at phase_check.v(13): truncated value with size 32 to match size of target (1) File: //mac/AllFiles/Applications/CODESTUFF/OctaTune/Modules/phase_check.v Line: 13
Warning (10230): Verilog HDL assignment warning at phase_check.v(14): truncated value with size 32 to match size of target (1) File: //mac/AllFiles/Applications/CODESTUFF/OctaTune/Modules/phase_check.v Line: 14
Info (12128): Elaborating entity "delay_pipeline" for hierarchy "delay_pipeline:delay_pipeline_inst" File: //mac/AllFiles/Applications/CODESTUFF/OctaTune/Modules/filter.v Line: 56
Warning (10240): Verilog HDL Always Construct warning at delay_pipeline.v(23): inferring latch(es) for variable "pipe_reset_index", which holds its previous value in one or more paths through the always construct File: //mac/AllFiles/Applications/CODESTUFF/OctaTune/Modules/delay_pipeline.v Line: 23
Info (12128): Elaborating entity "input_register" for hierarchy "input_register:input_register_inst" File: //mac/AllFiles/Applications/CODESTUFF/OctaTune/Modules/filter.v Line: 80
Info (12128): Elaborating entity "write_done_capture" for hierarchy "write_done_capture:write_done_capture_inst" File: //mac/AllFiles/Applications/CODESTUFF/OctaTune/Modules/filter.v Line: 98
Info (12128): Elaborating entity "coeffs_control" for hierarchy "coeffs_control:coeffs_control_inst" File: //mac/AllFiles/Applications/CODESTUFF/OctaTune/Modules/filter.v Line: 119
Warning (10240): Verilog HDL Always Construct warning at coeffs_control.v(41): inferring latch(es) for variable "coeffs_regs_reset_index", which holds its previous value in one or more paths through the always construct File: //mac/AllFiles/Applications/CODESTUFF/OctaTune/Modules/coeffs_control.v Line: 41
Warning (10240): Verilog HDL Always Construct warning at coeffs_control.v(71): inferring latch(es) for variable "coeffs_shadow_reset_index", which holds its previous value in one or more paths through the always construct File: //mac/AllFiles/Applications/CODESTUFF/OctaTune/Modules/coeffs_control.v Line: 71
Info (12128): Elaborating entity "compute" for hierarchy "compute:compute_inst" File: //mac/AllFiles/Applications/CODESTUFF/OctaTune/Modules/filter.v Line: 137
Warning (10230): Verilog HDL assignment warning at compute.v(23): truncated value with size 62 to match size of target (31) File: //mac/AllFiles/Applications/CODESTUFF/OctaTune/Modules/compute.v Line: 23
Info (286030): Timing-Driven Synthesis is running
Info (16010): Generating hard_block partition "hard_block:auto_generated_inst"
    Info (16011): Adding 0 node(s), including 0 DDIO, 0 PLL, 0 transceiver and 0 LCELL
Info (21057): Implemented 4025 device resources after synthesis - the final resource count might be different
    Info (21058): Implemented 43 input pins
    Info (21059): Implemented 16 output pins
    Info (21061): Implemented 3965 logic cells
    Info (21062): Implemented 1 DSP elements
Info: Quartus Prime Analysis & Synthesis was successful. 0 errors, 8 warnings
    Info: Peak virtual memory: 13347 megabytes
    Info: Processing ended: Sat Apr  6 05:29:34 2024
    Info: Elapsed time: 00:00:26
    Info: Total CPU time (on all processors): 00:00:47


