Analysis & Synthesis report for filter
Tue Apr  9 18:35:49 2024
Quartus Prime Version 22.1std.2 Build 922 07/20/2023 SC Lite Edition


---------------------
; Table of Contents ;
---------------------
  1. Legal Notice
  2. Analysis & Synthesis Summary
  3. Analysis & Synthesis Settings
  4. Parallel Compilation
  5. Analysis & Synthesis Source Files Read
  6. Analysis & Synthesis Resource Usage Summary
  7. Analysis & Synthesis Resource Utilization by Entity
  8. Analysis & Synthesis DSP Block Usage Summary
  9. General Register Statistics
 10. Multiplexer Restructuring Statistics (Restructuring Performed)
 11. Parameter Settings for User Entity Instance: Top-level Entity: |filter
 12. Parameter Settings for User Entity Instance: counter:counter_inst
 13. Parameter Settings for User Entity Instance: delay_pipeline:delay_pipeline_inst
 14. Parameter Settings for User Entity Instance: coeffs:coeffs_lpf_1000hz_inst
 15. Parameter Settings for User Entity Instance: compute:compute_inst
 16. Port Connectivity Checks: "coeffs:coeffs_lpf_1000hz_inst"
 17. Port Connectivity Checks: "counter:counter_inst"
 18. Post-Synthesis Netlist Statistics for Top Partition
 19. Elapsed Time Per Partition
 20. Analysis & Synthesis Messages



----------------
; Legal Notice ;
----------------
Copyright (C) 2023  Intel Corporation. All rights reserved.
Your use of Intel Corporation's design tools, logic functions 
and other software and tools, and any partner logic 
functions, and any output files from any of the foregoing 
(including device programming or simulation files), and any 
associated documentation or information are expressly subject 
to the terms and conditions of the Intel Program License 
Subscription Agreement, the Intel Quartus Prime License Agreement,
the Intel FPGA IP License Agreement, or other applicable license
agreement, including, without limitation, that your use is for
the sole purpose of programming logic devices manufactured by
Intel and sold by Intel or its authorized distributors.  Please
refer to the applicable agreement for further details, at
https://fpgasoftware.intel.com/eula.



+----------------------------------------------------------------------------------+
; Analysis & Synthesis Summary                                                     ;
+---------------------------------+------------------------------------------------+
; Analysis & Synthesis Status     ; Successful - Tue Apr  9 18:35:49 2024          ;
; Quartus Prime Version           ; 22.1std.2 Build 922 07/20/2023 SC Lite Edition ;
; Revision Name                   ; filter                                         ;
; Top-level Entity Name           ; filter                                         ;
; Family                          ; Cyclone V                                      ;
; Logic utilization (in ALMs)     ; N/A                                            ;
; Total registers                 ; 1082                                           ;
; Total pins                      ; 35                                             ;
; Total virtual pins              ; 0                                              ;
; Total block memory bits         ; 0                                              ;
; Total DSP Blocks                ; 1                                              ;
; Total HSSI RX PCSs              ; 0                                              ;
; Total HSSI PMA RX Deserializers ; 0                                              ;
; Total HSSI TX PCSs              ; 0                                              ;
; Total HSSI PMA TX Serializers   ; 0                                              ;
; Total PLLs                      ; 0                                              ;
; Total DLLs                      ; 0                                              ;
+---------------------------------+------------------------------------------------+


+---------------------------------------------------------------------------------------------------------------------------+
; Analysis & Synthesis Settings                                                                                             ;
+---------------------------------------------------------------------------------+--------------------+--------------------+
; Option                                                                          ; Setting            ; Default Value      ;
+---------------------------------------------------------------------------------+--------------------+--------------------+
; Device                                                                          ; 5CGXFC7C7F23C8     ;                    ;
; Top-level entity name                                                           ; filter             ; filter             ;
; Family name                                                                     ; Cyclone V          ; Cyclone V          ;
; Use smart compilation                                                           ; Off                ; Off                ;
; Enable parallel Assembler and Timing Analyzer during compilation                ; On                 ; On                 ;
; Enable compact report table                                                     ; Off                ; Off                ;
; Restructure Multiplexers                                                        ; Auto               ; Auto               ;
; MLAB Add Timing Constraints For Mixed-Port Feed-Through Mode Setting Don't Care ; Off                ; Off                ;
; Create Debugging Nodes for IP Cores                                             ; Off                ; Off                ;
; Preserve fewer node names                                                       ; On                 ; On                 ;
; Intel FPGA IP Evaluation Mode                                                   ; Enable             ; Enable             ;
; Verilog Version                                                                 ; Verilog_2001       ; Verilog_2001       ;
; VHDL Version                                                                    ; VHDL_1993          ; VHDL_1993          ;
; State Machine Processing                                                        ; Auto               ; Auto               ;
; Safe State Machine                                                              ; Off                ; Off                ;
; Extract Verilog State Machines                                                  ; On                 ; On                 ;
; Extract VHDL State Machines                                                     ; On                 ; On                 ;
; Ignore Verilog initial constructs                                               ; Off                ; Off                ;
; Iteration limit for constant Verilog loops                                      ; 5000               ; 5000               ;
; Iteration limit for non-constant Verilog loops                                  ; 250                ; 250                ;
; Add Pass-Through Logic to Inferred RAMs                                         ; On                 ; On                 ;
; Infer RAMs from Raw Logic                                                       ; On                 ; On                 ;
; Parallel Synthesis                                                              ; On                 ; On                 ;
; DSP Block Balancing                                                             ; Auto               ; Auto               ;
; NOT Gate Push-Back                                                              ; On                 ; On                 ;
; Power-Up Don't Care                                                             ; On                 ; On                 ;
; Remove Redundant Logic Cells                                                    ; Off                ; Off                ;
; Remove Duplicate Registers                                                      ; On                 ; On                 ;
; Ignore CARRY Buffers                                                            ; Off                ; Off                ;
; Ignore CASCADE Buffers                                                          ; Off                ; Off                ;
; Ignore GLOBAL Buffers                                                           ; Off                ; Off                ;
; Ignore ROW GLOBAL Buffers                                                       ; Off                ; Off                ;
; Ignore LCELL Buffers                                                            ; Off                ; Off                ;
; Ignore SOFT Buffers                                                             ; On                 ; On                 ;
; Limit AHDL Integers to 32 Bits                                                  ; Off                ; Off                ;
; Optimization Technique                                                          ; Balanced           ; Balanced           ;
; Carry Chain Length                                                              ; 70                 ; 70                 ;
; Auto Carry Chains                                                               ; On                 ; On                 ;
; Auto Open-Drain Pins                                                            ; On                 ; On                 ;
; Perform WYSIWYG Primitive Resynthesis                                           ; Off                ; Off                ;
; Auto ROM Replacement                                                            ; On                 ; On                 ;
; Auto RAM Replacement                                                            ; On                 ; On                 ;
; Auto DSP Block Replacement                                                      ; On                 ; On                 ;
; Auto Shift Register Replacement                                                 ; Auto               ; Auto               ;
; Allow Shift Register Merging across Hierarchies                                 ; Auto               ; Auto               ;
; Auto Clock Enable Replacement                                                   ; On                 ; On                 ;
; Strict RAM Replacement                                                          ; Off                ; Off                ;
; Allow Synchronous Control Signals                                               ; On                 ; On                 ;
; Force Use of Synchronous Clear Signals                                          ; Off                ; Off                ;
; Auto Resource Sharing                                                           ; Off                ; Off                ;
; Allow Any RAM Size For Recognition                                              ; Off                ; Off                ;
; Allow Any ROM Size For Recognition                                              ; Off                ; Off                ;
; Allow Any Shift Register Size For Recognition                                   ; Off                ; Off                ;
; Use LogicLock Constraints during Resource Balancing                             ; On                 ; On                 ;
; Ignore translate_off and synthesis_off directives                               ; Off                ; Off                ;
; Timing-Driven Synthesis                                                         ; On                 ; On                 ;
; Report Parameter Settings                                                       ; On                 ; On                 ;
; Report Source Assignments                                                       ; On                 ; On                 ;
; Report Connectivity Checks                                                      ; On                 ; On                 ;
; Ignore Maximum Fan-Out Assignments                                              ; Off                ; Off                ;
; Synchronization Register Chain Length                                           ; 3                  ; 3                  ;
; Power Optimization During Synthesis                                             ; Normal compilation ; Normal compilation ;
; HDL message level                                                               ; Level2             ; Level2             ;
; Suppress Register Optimization Related Messages                                 ; Off                ; Off                ;
; Number of Removed Registers Reported in Synthesis Report                        ; 5000               ; 5000               ;
; Number of Swept Nodes Reported in Synthesis Report                              ; 5000               ; 5000               ;
; Number of Inverted Registers Reported in Synthesis Report                       ; 100                ; 100                ;
; Clock MUX Protection                                                            ; On                 ; On                 ;
; Auto Gated Clock Conversion                                                     ; Off                ; Off                ;
; Block Design Naming                                                             ; Auto               ; Auto               ;
; SDC constraint protection                                                       ; Off                ; Off                ;
; Synthesis Effort                                                                ; Auto               ; Auto               ;
; Shift Register Replacement - Allow Asynchronous Clear Signal                    ; On                 ; On                 ;
; Pre-Mapping Resynthesis Optimization                                            ; Off                ; Off                ;
; Analysis & Synthesis Message Level                                              ; Medium             ; Medium             ;
; Disable Register Merging Across Hierarchies                                     ; Auto               ; Auto               ;
; Resource Aware Inference For Block RAM                                          ; On                 ; On                 ;
; Automatic Parallel Synthesis                                                    ; On                 ; On                 ;
; Partial Reconfiguration Bitstream ID                                            ; Off                ; Off                ;
+---------------------------------------------------------------------------------+--------------------+--------------------+


+------------------------------------------+
; Parallel Compilation                     ;
+----------------------------+-------------+
; Processors                 ; Number      ;
+----------------------------+-------------+
; Number detected on machine ; 4           ;
; Maximum allowed            ; 4           ;
;                            ;             ;
; Average used               ; 1.00        ;
; Maximum used               ; 4           ;
;                            ;             ;
; Usage by Processor         ; % Time Used ;
;     Processor 1            ; 100.0%      ;
;     Processor 2            ;   0.0%      ;
;     Processor 3            ;   0.0%      ;
;     Processor 4            ;   0.0%      ;
+----------------------------+-------------+


+-------------------------------------------------------------------------------------------------------------------------------------------------------------+
; Analysis & Synthesis Source Files Read                                                                                                                      ;
+----------------------------------+-----------------+------------------------+---------------------------------------------------------------------+---------+
; File Name with User-Entered Path ; Used in Netlist ; File Type              ; File Name with Absolute Path                                        ; Library ;
+----------------------------------+-----------------+------------------------+---------------------------------------------------------------------+---------+
; ../../HDL/filter.v               ; yes             ; User Verilog HDL File  ; //mac/AllFiles/Applications/CODESTUFF/OctaTune/HDL/filter.v         ;         ;
; ../../HDL/delay_pipeline.v       ; yes             ; User Verilog HDL File  ; //mac/AllFiles/Applications/CODESTUFF/OctaTune/HDL/delay_pipeline.v ;         ;
; ../../HDL/counter.v              ; yes             ; User Verilog HDL File  ; //mac/AllFiles/Applications/CODESTUFF/OctaTune/HDL/counter.v        ;         ;
; ../../HDL/compute.v              ; yes             ; User Verilog HDL File  ; //mac/AllFiles/Applications/CODESTUFF/OctaTune/HDL/compute.v        ;         ;
; ../../HDL/coeffs.v               ; yes             ; User Verilog HDL File  ; //mac/AllFiles/Applications/CODESTUFF/OctaTune/HDL/coeffs.v         ;         ;
+----------------------------------+-----------------+------------------------+---------------------------------------------------------------------+---------+


+---------------------------------------------------------+
; Analysis & Synthesis Resource Usage Summary             ;
+---------------------------------------------+-----------+
; Resource                                    ; Usage     ;
+---------------------------------------------+-----------+
; Estimate of Logic utilization (ALMs needed) ; 719       ;
;                                             ;           ;
; Combinational ALUT usage for logic          ; 407       ;
;     -- 7 input functions                    ; 0         ;
;     -- 6 input functions                    ; 351       ;
;     -- 5 input functions                    ; 1         ;
;     -- 4 input functions                    ; 16        ;
;     -- <=3 input functions                  ; 39        ;
;                                             ;           ;
; Dedicated logic registers                   ; 1082      ;
;                                             ;           ;
; I/O pins                                    ; 35        ;
;                                             ;           ;
; Total DSP Blocks                            ; 1         ;
;                                             ;           ;
; Maximum fan-out node                        ; clk~input ;
; Maximum fan-out                             ; 1082      ;
; Total fan-out                               ; 6763      ;
; Average fan-out                             ; 4.34      ;
+---------------------------------------------+-----------+


+-------------------------------------------------------------------------------------------------------------------------------------------------------------------------------------------------------------------------------+
; Analysis & Synthesis Resource Utilization by Entity                                                                                                                                                                           ;
+-----------------------------------------+---------------------+---------------------------+-------------------+------------+------+--------------+--------------------------------------------+----------------+--------------+
; Compilation Hierarchy Node              ; Combinational ALUTs ; Dedicated Logic Registers ; Block Memory Bits ; DSP Blocks ; Pins ; Virtual Pins ; Full Hierarchy Name                        ; Entity Name    ; Library Name ;
+-----------------------------------------+---------------------+---------------------------+-------------------+------------+------+--------------+--------------------------------------------+----------------+--------------+
; |filter                                 ; 407 (0)             ; 1082 (0)                  ; 0                 ; 1          ; 35   ; 0            ; |filter                                    ; filter         ; work         ;
;    |coeffs:coeffs_lpf_1000hz_inst|      ; 14 (14)             ; 0 (0)                     ; 0                 ; 0          ; 0    ; 0            ; |filter|coeffs:coeffs_lpf_1000hz_inst      ; coeffs         ; work         ;
;    |compute:compute_inst|               ; 49 (49)             ; 52 (52)                   ; 0                 ; 1          ; 0    ; 0            ; |filter|compute:compute_inst               ; compute        ; work         ;
;    |counter:counter_inst|               ; 8 (8)               ; 6 (6)                     ; 0                 ; 0          ; 0    ; 0            ; |filter|counter:counter_inst               ; counter        ; work         ;
;    |delay_pipeline:delay_pipeline_inst| ; 336 (336)           ; 1024 (1024)               ; 0                 ; 0          ; 0    ; 0            ; |filter|delay_pipeline:delay_pipeline_inst ; delay_pipeline ; work         ;
+-----------------------------------------+---------------------+---------------------------+-------------------+------------+------+--------------+--------------------------------------------+----------------+--------------+
Note: For table entries with two numbers listed, the numbers in parentheses indicate the number of resources of the given type used by the specific entity alone. The numbers listed outside of parentheses indicate the total resources of the given type used by the specific entity and all of its sub-entities in the hierarchy.


+----------------------------------------------+
; Analysis & Synthesis DSP Block Usage Summary ;
+-------------------------------+--------------+
; Statistic                     ; Number Used  ;
+-------------------------------+--------------+
; Two Independent 18x18         ; 1            ;
; Total number of DSP blocks    ; 1            ;
;                               ;              ;
; Fixed Point Signed Multiplier ; 1            ;
+-------------------------------+--------------+


+------------------------------------------------------+
; General Register Statistics                          ;
+----------------------------------------------+-------+
; Statistic                                    ; Value ;
+----------------------------------------------+-------+
; Total registers                              ; 1082  ;
; Number of registers using Synchronous Clear  ; 0     ;
; Number of registers using Synchronous Load   ; 34    ;
; Number of registers using Asynchronous Clear ; 1082  ;
; Number of registers using Asynchronous Load  ; 0     ;
; Number of registers using Clock Enable       ; 1082  ;
; Number of registers using Preset             ; 0     ;
+----------------------------------------------+-------+


+----------------------------------------------------------------------------------------------------------------------------------------------------------------+
; Multiplexer Restructuring Statistics (Restructuring Performed)                                                                                                 ;
+--------------------+-----------+---------------+----------------------+------------------------+------------+--------------------------------------------------+
; Multiplexer Inputs ; Bus Width ; Baseline Area ; Area if Restructured ; Saving if Restructured ; Registered ; Example Multiplexer Output                       ;
+--------------------+-----------+---------------+----------------------+------------------------+------------+--------------------------------------------------+
; 3:1                ; 16 bits   ; 32 LEs        ; 32 LEs               ; 0 LEs                  ; No         ; |filter|compute:compute_inst|filter_out[1]       ;
; 64:1               ; 16 bits   ; 672 LEs       ; 672 LEs              ; 0 LEs                  ; No         ; |filter|delay_pipeline:delay_pipeline_inst|Mux15 ;
+--------------------+-----------+---------------+----------------------+------------------------+------------+--------------------------------------------------+


+------------------------------------------------------------------------+
; Parameter Settings for User Entity Instance: Top-level Entity: |filter ;
+-----------------+-------+----------------------------------------------+
; Parameter Name  ; Value ; Type                                         ;
+-----------------+-------+----------------------------------------------+
; FILTER_IN_BITS  ; 16    ; Signed Integer                               ;
; FILTER_OUT_BITS ; 16    ; Signed Integer                               ;
+-----------------+-------+----------------------------------------------+
Note: In order to hide this table in the UI and the text report file, please set the "Show Parameter Settings in Synthesis Report" option in "Analysis and Synthesis Settings -> More Settings" to "Off".


+-------------------------------------------------------------------+
; Parameter Settings for User Entity Instance: counter:counter_inst ;
+----------------+--------+-----------------------------------------+
; Parameter Name ; Value  ; Type                                    ;
+----------------+--------+-----------------------------------------+
; COUNTER_MIN    ; 000000 ; Unsigned Binary                         ;
; COUNTER_MAX    ; 111111 ; Unsigned Binary                         ;
+----------------+--------+-----------------------------------------+
Note: In order to hide this table in the UI and the text report file, please set the "Show Parameter Settings in Synthesis Report" option in "Analysis and Synthesis Settings -> More Settings" to "Off".


+---------------------------------------------------------------------------------+
; Parameter Settings for User Entity Instance: delay_pipeline:delay_pipeline_inst ;
+-----------------+-------+-------------------------------------------------------+
; Parameter Name  ; Value ; Type                                                  ;
+-----------------+-------+-------------------------------------------------------+
; FILTER_IN_BITS  ; 16    ; Signed Integer                                        ;
; FILTER_OUT_BITS ; 16    ; Signed Integer                                        ;
; COUNTER_BITS    ; 6     ; Signed Integer                                        ;
; NUMBER_OF_TAPS  ; 64    ; Signed Integer                                        ;
+-----------------+-------+-------------------------------------------------------+
Note: In order to hide this table in the UI and the text report file, please set the "Show Parameter Settings in Synthesis Report" option in "Analysis and Synthesis Settings -> More Settings" to "Off".


+----------------------------------------------------------------------------+
; Parameter Settings for User Entity Instance: coeffs:coeffs_lpf_1000hz_inst ;
+----------------+-------+---------------------------------------------------+
; Parameter Name ; Value ; Type                                              ;
+----------------+-------+---------------------------------------------------+
; COUNTER_BITS   ; 6     ; Signed Integer                                    ;
; NUMBER_OF_TAPS ; 64    ; Signed Integer                                    ;
; COEFF_BITS     ; 16    ; Signed Integer                                    ;
+----------------+-------+---------------------------------------------------+
Note: In order to hide this table in the UI and the text report file, please set the "Show Parameter Settings in Synthesis Report" option in "Analysis and Synthesis Settings -> More Settings" to "Off".


+-------------------------------------------------------------------+
; Parameter Settings for User Entity Instance: compute:compute_inst ;
+-----------------+-------+-----------------------------------------+
; Parameter Name  ; Value ; Type                                    ;
+-----------------+-------+-----------------------------------------+
; FILTER_IN_BITS  ; 16    ; Signed Integer                          ;
; FILTER_OUT_BITS ; 16    ; Signed Integer                          ;
; NUMBER_OF_TAPS  ; 64    ; Signed Integer                          ;
; COEFF_BITS      ; 16    ; Signed Integer                          ;
; COEFF_FRAC_BITS ; 16    ; Signed Integer                          ;
+-----------------+-------+-----------------------------------------+
Note: In order to hide this table in the UI and the text report file, please set the "Show Parameter Settings in Synthesis Report" option in "Analysis and Synthesis Settings -> More Settings" to "Off".


+-----------------------------------------------------------+
; Port Connectivity Checks: "coeffs:coeffs_lpf_1000hz_inst" ;
+--------------------+-------+----------+-------------------+
; Port               ; Type  ; Severity ; Details           ;
+--------------------+-------+----------+-------------------+
; coeffs[1023..1012] ; Input ; Info     ; Stuck at VCC      ;
; coeffs[1010..1009] ; Input ; Info     ; Stuck at VCC      ;
; coeffs[1007..997]  ; Input ; Info     ; Stuck at VCC      ;
; coeffs[992..982]   ; Input ; Info     ; Stuck at VCC      ;
; coeffs[977..967]   ; Input ; Info     ; Stuck at VCC      ;
; coeffs[965..963]   ; Input ; Info     ; Stuck at VCC      ;
; coeffs[959..951]   ; Input ; Info     ; Stuck at VCC      ;
; coeffs[944..935]   ; Input ; Info     ; Stuck at VCC      ;
; coeffs[930..919]   ; Input ; Info     ; Stuck at VCC      ;
; coeffs[917..916]   ; Input ; Info     ; Stuck at VCC      ;
; coeffs[914..901]   ; Input ; Info     ; Stuck at VCC      ;
; coeffs[882..881]   ; Input ; Info     ; Stuck at VCC      ;
; coeffs[865..864]   ; Input ; Info     ; Stuck at VCC      ;
; coeffs[855..853]   ; Input ; Info     ; Stuck at VCC      ;
; coeffs[849..848]   ; Input ; Info     ; Stuck at VCC      ;
; coeffs[824..823]   ; Input ; Info     ; Stuck at VCC      ;
; coeffs[818..816]   ; Input ; Info     ; Stuck at VCC      ;
; coeffs[808..807]   ; Input ; Info     ; Stuck at VCC      ;
; coeffs[802..800]   ; Input ; Info     ; Stuck at VCC      ;
; coeffs[789..788]   ; Input ; Info     ; Stuck at VCC      ;
; coeffs[774..770]   ; Input ; Info     ; Stuck at VCC      ;
; coeffs[768..760]   ; Input ; Info     ; Stuck at VCC      ;
; coeffs[758..757]   ; Input ; Info     ; Stuck at VCC      ;
; coeffs[755..745]   ; Input ; Info     ; Stuck at VCC      ;
; coeffs[736..730]   ; Input ; Info     ; Stuck at VCC      ;
; coeffs[727..726]   ; Input ; Info     ; Stuck at VCC      ;
; coeffs[720..715]   ; Input ; Info     ; Stuck at VCC      ;
; coeffs[713..711]   ; Input ; Info     ; Stuck at VCC      ;
; coeffs[708..707]   ; Input ; Info     ; Stuck at VCC      ;
; coeffs[704..699]   ; Input ; Info     ; Stuck at VCC      ;
; coeffs[695..693]   ; Input ; Info     ; Stuck at VCC      ;
; coeffs[689..683]   ; Input ; Info     ; Stuck at VCC      ;
; coeffs[681..680]   ; Input ; Info     ; Stuck at VCC      ;
; coeffs[672..666]   ; Input ; Info     ; Stuck at VCC      ;
; coeffs[657..649]   ; Input ; Info     ; Stuck at VCC      ;
; coeffs[646..645]   ; Input ; Info     ; Stuck at VCC      ;
; coeffs[641..640]   ; Input ; Info     ; Stuck at VCC      ;
; coeffs[632..630]   ; Input ; Info     ; Stuck at VCC      ;
; coeffs[628..626]   ; Input ; Info     ; Stuck at VCC      ;
; coeffs[618..617]   ; Input ; Info     ; Stuck at VCC      ;
; coeffs[601..599]   ; Input ; Info     ; Stuck at VCC      ;
; coeffs[583..576]   ; Input ; Info     ; Stuck at VCC      ;
; coeffs[570..569]   ; Input ; Info     ; Stuck at VCC      ;
; coeffs[556..555]   ; Input ; Info     ; Stuck at VCC      ;
; coeffs[551..550]   ; Input ; Info     ; Stuck at VCC      ;
; coeffs[540..537]   ; Input ; Info     ; Stuck at VCC      ;
; coeffs[532..531]   ; Input ; Info     ; Stuck at VCC      ;
; coeffs[529..528]   ; Input ; Info     ; Stuck at VCC      ;
; coeffs[524..518]   ; Input ; Info     ; Stuck at VCC      ;
; coeffs[516..514]   ; Input ; Info     ; Stuck at VCC      ;
; coeffs[508..502]   ; Input ; Info     ; Stuck at VCC      ;
; coeffs[500..498]   ; Input ; Info     ; Stuck at VCC      ;
; coeffs[492..489]   ; Input ; Info     ; Stuck at VCC      ;
; coeffs[484..483]   ; Input ; Info     ; Stuck at VCC      ;
; coeffs[481..480]   ; Input ; Info     ; Stuck at VCC      ;
; coeffs[476..475]   ; Input ; Info     ; Stuck at VCC      ;
; coeffs[471..470]   ; Input ; Info     ; Stuck at VCC      ;
; coeffs[458..457]   ; Input ; Info     ; Stuck at VCC      ;
; coeffs[439..432]   ; Input ; Info     ; Stuck at VCC      ;
; coeffs[425..423]   ; Input ; Info     ; Stuck at VCC      ;
; coeffs[410..409]   ; Input ; Info     ; Stuck at VCC      ;
; coeffs[392..390]   ; Input ; Info     ; Stuck at VCC      ;
; coeffs[388..386]   ; Input ; Info     ; Stuck at VCC      ;
; coeffs[384..377]   ; Input ; Info     ; Stuck at VCC      ;
; coeffs[374..373]   ; Input ; Info     ; Stuck at VCC      ;
; coeffs[369..362]   ; Input ; Info     ; Stuck at VCC      ;
; coeffs[353..347]   ; Input ; Info     ; Stuck at VCC      ;
; coeffs[345..344]   ; Input ; Info     ; Stuck at VCC      ;
; coeffs[336..331]   ; Input ; Info     ; Stuck at VCC      ;
; coeffs[327..325]   ; Input ; Info     ; Stuck at VCC      ;
; coeffs[321..315]   ; Input ; Info     ; Stuck at VCC      ;
; coeffs[313..311]   ; Input ; Info     ; Stuck at VCC      ;
; coeffs[308..307]   ; Input ; Info     ; Stuck at VCC      ;
; coeffs[304..298]   ; Input ; Info     ; Stuck at VCC      ;
; coeffs[295..294]   ; Input ; Info     ; Stuck at VCC      ;
; coeffs[288..281]   ; Input ; Info     ; Stuck at VCC      ;
; coeffs[272..264]   ; Input ; Info     ; Stuck at VCC      ;
; coeffs[262..261]   ; Input ; Info     ; Stuck at VCC      ;
; coeffs[259..256]   ; Input ; Info     ; Stuck at VCC      ;
; coeffs[246..242]   ; Input ; Info     ; Stuck at VCC      ;
; coeffs[229..228]   ; Input ; Info     ; Stuck at VCC      ;
; coeffs[216..215]   ; Input ; Info     ; Stuck at VCC      ;
; coeffs[210..208]   ; Input ; Info     ; Stuck at VCC      ;
; coeffs[200..199]   ; Input ; Info     ; Stuck at VCC      ;
; coeffs[194..192]   ; Input ; Info     ; Stuck at VCC      ;
; coeffs[167..165]   ; Input ; Info     ; Stuck at VCC      ;
; coeffs[161..160]   ; Input ; Info     ; Stuck at VCC      ;
; coeffs[145..144]   ; Input ; Info     ; Stuck at VCC      ;
; coeffs[130..129]   ; Input ; Info     ; Stuck at VCC      ;
; coeffs[127..117]   ; Input ; Info     ; Stuck at VCC      ;
; coeffs[112..103]   ; Input ; Info     ; Stuck at VCC      ;
; coeffs[101..100]   ; Input ; Info     ; Stuck at VCC      ;
; coeffs[98..87]     ; Input ; Info     ; Stuck at VCC      ;
; coeffs[82..71]     ; Input ; Info     ; Stuck at VCC      ;
; coeffs[64..55]     ; Input ; Info     ; Stuck at VCC      ;
; coeffs[53..51]     ; Input ; Info     ; Stuck at VCC      ;
; coeffs[47..38]     ; Input ; Info     ; Stuck at VCC      ;
; coeffs[33..21]     ; Input ; Info     ; Stuck at VCC      ;
; coeffs[16..4]      ; Input ; Info     ; Stuck at VCC      ;
; coeffs[2..1]       ; Input ; Info     ; Stuck at VCC      ;
; coeffs[996..993]   ; Input ; Info     ; Stuck at GND      ;
; coeffs[981..980]   ; Input ; Info     ; Stuck at GND      ;
; coeffs[962..960]   ; Input ; Info     ; Stuck at GND      ;
; coeffs[946..945]   ; Input ; Info     ; Stuck at GND      ;
; coeffs[932..931]   ; Input ; Info     ; Stuck at GND      ;
; coeffs[900..897]   ; Input ; Info     ; Stuck at GND      ;
; coeffs[895..886]   ; Input ; Info     ; Stuck at GND      ;
; coeffs[884..883]   ; Input ; Info     ; Stuck at GND      ;
; coeffs[880..872]   ; Input ; Info     ; Stuck at GND      ;
; coeffs[870..866]   ; Input ; Info     ; Stuck at GND      ;
; coeffs[863..856]   ; Input ; Info     ; Stuck at GND      ;
; coeffs[847..841]   ; Input ; Info     ; Stuck at GND      ;
; coeffs[837..836]   ; Input ; Info     ; Stuck at GND      ;
; coeffs[832..825]   ; Input ; Info     ; Stuck at GND      ;
; coeffs[822..819]   ; Input ; Info     ; Stuck at GND      ;
; coeffs[815..809]   ; Input ; Info     ; Stuck at GND      ;
; coeffs[806..803]   ; Input ; Info     ; Stuck at GND      ;
; coeffs[799..793]   ; Input ; Info     ; Stuck at GND      ;
; coeffs[791..790]   ; Input ; Info     ; Stuck at GND      ;
; coeffs[787..786]   ; Input ; Info     ; Stuck at GND      ;
; coeffs[784..775]   ; Input ; Info     ; Stuck at GND      ;
; coeffs[744..742]   ; Input ; Info     ; Stuck at GND      ;
; coeffs[740..737]   ; Input ; Info     ; Stuck at GND      ;
; coeffs[729..728]   ; Input ; Info     ; Stuck at GND      ;
; coeffs[725..723]   ; Input ; Info     ; Stuck at GND      ;
; coeffs[710..709]   ; Input ; Info     ; Stuck at GND      ;
; coeffs[706..705]   ; Input ; Info     ; Stuck at GND      ;
; coeffs[679..675]   ; Input ; Info     ; Stuck at GND      ;
; coeffs[665..662]   ; Input ; Info     ; Stuck at GND      ;
; coeffs[660..658]   ; Input ; Info     ; Stuck at GND      ;
; coeffs[648..647]   ; Input ; Info     ; Stuck at GND      ;
; coeffs[639..633]   ; Input ; Info     ; Stuck at GND      ;
; coeffs[623..619]   ; Input ; Info     ; Stuck at GND      ;
; coeffs[616..615]   ; Input ; Info     ; Stuck at GND      ;
; coeffs[607..604]   ; Input ; Info     ; Stuck at GND      ;
; coeffs[598..595]   ; Input ; Info     ; Stuck at GND      ;
; coeffs[591..589]   ; Input ; Info     ; Stuck at GND      ;
; coeffs[587..584]   ; Input ; Info     ; Stuck at GND      ;
; coeffs[575..573]   ; Input ; Info     ; Stuck at GND      ;
; coeffs[568..567]   ; Input ; Info     ; Stuck at GND      ;
; coeffs[565..562]   ; Input ; Info     ; Stuck at GND      ;
; coeffs[560..557]   ; Input ; Info     ; Stuck at GND      ;
; coeffs[549..548]   ; Input ; Info     ; Stuck at GND      ;
; coeffs[546..545]   ; Input ; Info     ; Stuck at GND      ;
; coeffs[543..541]   ; Input ; Info     ; Stuck at GND      ;
; coeffs[536..533]   ; Input ; Info     ; Stuck at GND      ;
; coeffs[527..525]   ; Input ; Info     ; Stuck at GND      ;
; coeffs[513..509]   ; Input ; Info     ; Stuck at GND      ;
; coeffs[497..493]   ; Input ; Info     ; Stuck at GND      ;
; coeffs[488..485]   ; Input ; Info     ; Stuck at GND      ;
; coeffs[479..477]   ; Input ; Info     ; Stuck at GND      ;
; coeffs[469..468]   ; Input ; Info     ; Stuck at GND      ;
; coeffs[466..465]   ; Input ; Info     ; Stuck at GND      ;
; coeffs[463..461]   ; Input ; Info     ; Stuck at GND      ;
; coeffs[456..455]   ; Input ; Info     ; Stuck at GND      ;
; coeffs[453..450]   ; Input ; Info     ; Stuck at GND      ;
; coeffs[448..445]   ; Input ; Info     ; Stuck at GND      ;
; coeffs[443..440]   ; Input ; Info     ; Stuck at GND      ;
; coeffs[431..428]   ; Input ; Info     ; Stuck at GND      ;
; coeffs[422..419]   ; Input ; Info     ; Stuck at GND      ;
; coeffs[415..411]   ; Input ; Info     ; Stuck at GND      ;
; coeffs[408..407]   ; Input ; Info     ; Stuck at GND      ;
; coeffs[399..393]   ; Input ; Info     ; Stuck at GND      ;
; coeffs[376..375]   ; Input ; Info     ; Stuck at GND      ;
; coeffs[361..358]   ; Input ; Info     ; Stuck at GND      ;
; coeffs[356..354]   ; Input ; Info     ; Stuck at GND      ;
; coeffs[343..339]   ; Input ; Info     ; Stuck at GND      ;
; coeffs[310..309]   ; Input ; Info     ; Stuck at GND      ;
; coeffs[306..305]   ; Input ; Info     ; Stuck at GND      ;
; coeffs[297..296]   ; Input ; Info     ; Stuck at GND      ;
; coeffs[293..291]   ; Input ; Info     ; Stuck at GND      ;
; coeffs[280..278]   ; Input ; Info     ; Stuck at GND      ;
; coeffs[276..273]   ; Input ; Info     ; Stuck at GND      ;
; coeffs[255..247]   ; Input ; Info     ; Stuck at GND      ;
; coeffs[239..233]   ; Input ; Info     ; Stuck at GND      ;
; coeffs[231..230]   ; Input ; Info     ; Stuck at GND      ;
; coeffs[227..226]   ; Input ; Info     ; Stuck at GND      ;
; coeffs[224..217]   ; Input ; Info     ; Stuck at GND      ;
; coeffs[214..211]   ; Input ; Info     ; Stuck at GND      ;
; coeffs[207..201]   ; Input ; Info     ; Stuck at GND      ;
; coeffs[198..195]   ; Input ; Info     ; Stuck at GND      ;
; coeffs[191..185]   ; Input ; Info     ; Stuck at GND      ;
; coeffs[181..180]   ; Input ; Info     ; Stuck at GND      ;
; coeffs[176..168]   ; Input ; Info     ; Stuck at GND      ;
; coeffs[159..152]   ; Input ; Info     ; Stuck at GND      ;
; coeffs[150..146]   ; Input ; Info     ; Stuck at GND      ;
; coeffs[143..134]   ; Input ; Info     ; Stuck at GND      ;
; coeffs[132..131]   ; Input ; Info     ; Stuck at GND      ;
; coeffs[116..113]   ; Input ; Info     ; Stuck at GND      ;
; coeffs[84..83]     ; Input ; Info     ; Stuck at GND      ;
; coeffs[66..65]     ; Input ; Info     ; Stuck at GND      ;
; coeffs[50..48]     ; Input ; Info     ; Stuck at GND      ;
; coeffs[37..36]     ; Input ; Info     ; Stuck at GND      ;
; coeffs[20..17]     ; Input ; Info     ; Stuck at GND      ;
; coeffs[1011]       ; Input ; Info     ; Stuck at GND      ;
; coeffs[1008]       ; Input ; Info     ; Stuck at GND      ;
; coeffs[979]        ; Input ; Info     ; Stuck at VCC      ;
; coeffs[978]        ; Input ; Info     ; Stuck at GND      ;
; coeffs[966]        ; Input ; Info     ; Stuck at GND      ;
; coeffs[950]        ; Input ; Info     ; Stuck at GND      ;
; coeffs[949]        ; Input ; Info     ; Stuck at VCC      ;
; coeffs[948]        ; Input ; Info     ; Stuck at GND      ;
; coeffs[947]        ; Input ; Info     ; Stuck at VCC      ;
; coeffs[934]        ; Input ; Info     ; Stuck at GND      ;
; coeffs[933]        ; Input ; Info     ; Stuck at VCC      ;
; coeffs[918]        ; Input ; Info     ; Stuck at GND      ;
; coeffs[915]        ; Input ; Info     ; Stuck at GND      ;
; coeffs[896]        ; Input ; Info     ; Stuck at VCC      ;
; coeffs[885]        ; Input ; Info     ; Stuck at VCC      ;
; coeffs[871]        ; Input ; Info     ; Stuck at VCC      ;
; coeffs[852]        ; Input ; Info     ; Stuck at GND      ;
; coeffs[851]        ; Input ; Info     ; Stuck at VCC      ;
; coeffs[850]        ; Input ; Info     ; Stuck at GND      ;
; coeffs[840]        ; Input ; Info     ; Stuck at VCC      ;
; coeffs[839]        ; Input ; Info     ; Stuck at GND      ;
; coeffs[838]        ; Input ; Info     ; Stuck at VCC      ;
; coeffs[835]        ; Input ; Info     ; Stuck at VCC      ;
; coeffs[834]        ; Input ; Info     ; Stuck at GND      ;
; coeffs[833]        ; Input ; Info     ; Stuck at VCC      ;
; coeffs[792]        ; Input ; Info     ; Stuck at VCC      ;
; coeffs[785]        ; Input ; Info     ; Stuck at VCC      ;
; coeffs[769]        ; Input ; Info     ; Stuck at GND      ;
; coeffs[759]        ; Input ; Info     ; Stuck at GND      ;
; coeffs[756]        ; Input ; Info     ; Stuck at GND      ;
; coeffs[741]        ; Input ; Info     ; Stuck at VCC      ;
; coeffs[722]        ; Input ; Info     ; Stuck at VCC      ;
; coeffs[721]        ; Input ; Info     ; Stuck at GND      ;
; coeffs[714]        ; Input ; Info     ; Stuck at GND      ;
; coeffs[698]        ; Input ; Info     ; Stuck at GND      ;
; coeffs[697]        ; Input ; Info     ; Stuck at VCC      ;
; coeffs[696]        ; Input ; Info     ; Stuck at GND      ;
; coeffs[692]        ; Input ; Info     ; Stuck at GND      ;
; coeffs[691]        ; Input ; Info     ; Stuck at VCC      ;
; coeffs[690]        ; Input ; Info     ; Stuck at GND      ;
; coeffs[682]        ; Input ; Info     ; Stuck at GND      ;
; coeffs[674]        ; Input ; Info     ; Stuck at VCC      ;
; coeffs[673]        ; Input ; Info     ; Stuck at GND      ;
; coeffs[661]        ; Input ; Info     ; Stuck at VCC      ;
; coeffs[644]        ; Input ; Info     ; Stuck at GND      ;
; coeffs[643]        ; Input ; Info     ; Stuck at VCC      ;
; coeffs[642]        ; Input ; Info     ; Stuck at GND      ;
; coeffs[629]        ; Input ; Info     ; Stuck at GND      ;
; coeffs[625]        ; Input ; Info     ; Stuck at GND      ;
; coeffs[624]        ; Input ; Info     ; Stuck at VCC      ;
; coeffs[614]        ; Input ; Info     ; Stuck at VCC      ;
; coeffs[613]        ; Input ; Info     ; Stuck at GND      ;
; coeffs[612]        ; Input ; Info     ; Stuck at VCC      ;
; coeffs[611]        ; Input ; Info     ; Stuck at GND      ;
; coeffs[610]        ; Input ; Info     ; Stuck at VCC      ;
; coeffs[609]        ; Input ; Info     ; Stuck at GND      ;
; coeffs[608]        ; Input ; Info     ; Stuck at VCC      ;
; coeffs[603]        ; Input ; Info     ; Stuck at VCC      ;
; coeffs[602]        ; Input ; Info     ; Stuck at GND      ;
; coeffs[594]        ; Input ; Info     ; Stuck at VCC      ;
; coeffs[593]        ; Input ; Info     ; Stuck at GND      ;
; coeffs[592]        ; Input ; Info     ; Stuck at VCC      ;
; coeffs[588]        ; Input ; Info     ; Stuck at VCC      ;
; coeffs[572]        ; Input ; Info     ; Stuck at VCC      ;
; coeffs[571]        ; Input ; Info     ; Stuck at GND      ;
; coeffs[566]        ; Input ; Info     ; Stuck at VCC      ;
; coeffs[561]        ; Input ; Info     ; Stuck at VCC      ;
; coeffs[554]        ; Input ; Info     ; Stuck at GND      ;
; coeffs[553]        ; Input ; Info     ; Stuck at VCC      ;
; coeffs[552]        ; Input ; Info     ; Stuck at GND      ;
; coeffs[547]        ; Input ; Info     ; Stuck at VCC      ;
; coeffs[544]        ; Input ; Info     ; Stuck at VCC      ;
; coeffs[530]        ; Input ; Info     ; Stuck at GND      ;
; coeffs[517]        ; Input ; Info     ; Stuck at GND      ;
; coeffs[501]        ; Input ; Info     ; Stuck at GND      ;
; coeffs[482]        ; Input ; Info     ; Stuck at GND      ;
; coeffs[474]        ; Input ; Info     ; Stuck at GND      ;
; coeffs[473]        ; Input ; Info     ; Stuck at VCC      ;
; coeffs[472]        ; Input ; Info     ; Stuck at GND      ;
; coeffs[467]        ; Input ; Info     ; Stuck at VCC      ;
; coeffs[464]        ; Input ; Info     ; Stuck at VCC      ;
; coeffs[460]        ; Input ; Info     ; Stuck at VCC      ;
; coeffs[459]        ; Input ; Info     ; Stuck at GND      ;
; coeffs[454]        ; Input ; Info     ; Stuck at VCC      ;
; coeffs[449]        ; Input ; Info     ; Stuck at VCC      ;
; coeffs[444]        ; Input ; Info     ; Stuck at VCC      ;
; coeffs[427]        ; Input ; Info     ; Stuck at VCC      ;
; coeffs[426]        ; Input ; Info     ; Stuck at GND      ;
; coeffs[418]        ; Input ; Info     ; Stuck at VCC      ;
; coeffs[417]        ; Input ; Info     ; Stuck at GND      ;
; coeffs[416]        ; Input ; Info     ; Stuck at VCC      ;
; coeffs[406]        ; Input ; Info     ; Stuck at VCC      ;
; coeffs[405]        ; Input ; Info     ; Stuck at GND      ;
; coeffs[404]        ; Input ; Info     ; Stuck at VCC      ;
; coeffs[403]        ; Input ; Info     ; Stuck at GND      ;
; coeffs[402]        ; Input ; Info     ; Stuck at VCC      ;
; coeffs[401]        ; Input ; Info     ; Stuck at GND      ;
; coeffs[400]        ; Input ; Info     ; Stuck at VCC      ;
; coeffs[389]        ; Input ; Info     ; Stuck at GND      ;
; coeffs[385]        ; Input ; Info     ; Stuck at GND      ;
; coeffs[372]        ; Input ; Info     ; Stuck at GND      ;
; coeffs[371]        ; Input ; Info     ; Stuck at VCC      ;
; coeffs[370]        ; Input ; Info     ; Stuck at GND      ;
; coeffs[357]        ; Input ; Info     ; Stuck at VCC      ;
; coeffs[346]        ; Input ; Info     ; Stuck at GND      ;
; coeffs[338]        ; Input ; Info     ; Stuck at VCC      ;
; coeffs[337]        ; Input ; Info     ; Stuck at GND      ;
; coeffs[330]        ; Input ; Info     ; Stuck at GND      ;
; coeffs[329]        ; Input ; Info     ; Stuck at VCC      ;
; coeffs[328]        ; Input ; Info     ; Stuck at GND      ;
; coeffs[324]        ; Input ; Info     ; Stuck at GND      ;
; coeffs[323]        ; Input ; Info     ; Stuck at VCC      ;
; coeffs[322]        ; Input ; Info     ; Stuck at GND      ;
; coeffs[314]        ; Input ; Info     ; Stuck at GND      ;
; coeffs[290]        ; Input ; Info     ; Stuck at VCC      ;
; coeffs[289]        ; Input ; Info     ; Stuck at GND      ;
; coeffs[277]        ; Input ; Info     ; Stuck at VCC      ;
; coeffs[263]        ; Input ; Info     ; Stuck at GND      ;
; coeffs[260]        ; Input ; Info     ; Stuck at GND      ;
; coeffs[241]        ; Input ; Info     ; Stuck at GND      ;
; coeffs[240]        ; Input ; Info     ; Stuck at VCC      ;
; coeffs[232]        ; Input ; Info     ; Stuck at VCC      ;
; coeffs[225]        ; Input ; Info     ; Stuck at VCC      ;
; coeffs[184]        ; Input ; Info     ; Stuck at VCC      ;
; coeffs[183]        ; Input ; Info     ; Stuck at GND      ;
; coeffs[182]        ; Input ; Info     ; Stuck at VCC      ;
; coeffs[179]        ; Input ; Info     ; Stuck at VCC      ;
; coeffs[178]        ; Input ; Info     ; Stuck at GND      ;
; coeffs[177]        ; Input ; Info     ; Stuck at VCC      ;
; coeffs[164]        ; Input ; Info     ; Stuck at GND      ;
; coeffs[163]        ; Input ; Info     ; Stuck at VCC      ;
; coeffs[162]        ; Input ; Info     ; Stuck at GND      ;
; coeffs[151]        ; Input ; Info     ; Stuck at VCC      ;
; coeffs[133]        ; Input ; Info     ; Stuck at VCC      ;
; coeffs[128]        ; Input ; Info     ; Stuck at GND      ;
; coeffs[102]        ; Input ; Info     ; Stuck at GND      ;
; coeffs[99]         ; Input ; Info     ; Stuck at GND      ;
; coeffs[86]         ; Input ; Info     ; Stuck at GND      ;
; coeffs[85]         ; Input ; Info     ; Stuck at VCC      ;
; coeffs[70]         ; Input ; Info     ; Stuck at GND      ;
; coeffs[69]         ; Input ; Info     ; Stuck at VCC      ;
; coeffs[68]         ; Input ; Info     ; Stuck at GND      ;
; coeffs[67]         ; Input ; Info     ; Stuck at VCC      ;
; coeffs[54]         ; Input ; Info     ; Stuck at GND      ;
; coeffs[35]         ; Input ; Info     ; Stuck at VCC      ;
; coeffs[34]         ; Input ; Info     ; Stuck at GND      ;
; coeffs[3]          ; Input ; Info     ; Stuck at GND      ;
; coeffs[0]          ; Input ; Info     ; Stuck at GND      ;
+--------------------+-------+----------+-------------------+


+---------------------------------------------------------------------------------------------------------------------+
; Port Connectivity Checks: "counter:counter_inst"                                                                    ;
+-----------+--------+----------+-------------------------------------------------------------------------------------+
; Port      ; Type   ; Severity ; Details                                                                             ;
+-----------+--------+----------+-------------------------------------------------------------------------------------+
; phase_max ; Output ; Info     ; Connected to dangling logic. Logic that only feeds a dangling port will be removed. ;
+-----------+--------+----------+-------------------------------------------------------------------------------------+


+-----------------------------------------------------+
; Post-Synthesis Netlist Statistics for Top Partition ;
+-----------------------+-----------------------------+
; Type                  ; Count                       ;
+-----------------------+-----------------------------+
; arriav_ff             ; 1082                        ;
;     ENA CLR           ; 1048                        ;
;     ENA CLR SLD       ; 34                          ;
; arriav_lcell_comb     ; 407                         ;
;     arith             ; 34                          ;
;         2 data inputs ; 34                          ;
;     normal            ; 373                         ;
;         1 data inputs ; 1                           ;
;         2 data inputs ; 3                           ;
;         3 data inputs ; 1                           ;
;         4 data inputs ; 16                          ;
;         5 data inputs ; 1                           ;
;         6 data inputs ; 351                         ;
; arriav_mac            ; 1                           ;
; boundary_port         ; 35                          ;
;                       ;                             ;
; Max LUT depth         ; 4.30                        ;
; Average LUT depth     ; 2.90                        ;
+-----------------------+-----------------------------+


+-------------------------------+
; Elapsed Time Per Partition    ;
+----------------+--------------+
; Partition Name ; Elapsed Time ;
+----------------+--------------+
; Top            ; 00:00:02     ;
+----------------+--------------+


+-------------------------------+
; Analysis & Synthesis Messages ;
+-------------------------------+
Info: *******************************************************************
Info: Running Quartus Prime Analysis & Synthesis
    Info: Version 22.1std.2 Build 922 07/20/2023 SC Lite Edition
    Info: Processing started: Tue Apr  9 18:35:19 2024
Info: Command: quartus_map --read_settings_files=on --write_settings_files=off filter -c filter
Warning (18236): Number of processors has not been specified which may cause overloading on shared machines.  Set the global assignment NUM_PARALLEL_PROCESSORS in your QSF to an appropriate value for best performance.
Info (20030): Parallel compilation is enabled and will use 4 of the 4 processors detected
Info (12021): Found 1 design units, including 1 entities, in source file //mac/allfiles/applications/codestuff/octatune/hdl/filter.v
    Info (12023): Found entity 1: filter File: //mac/AllFiles/Applications/CODESTUFF/OctaTune/HDL/filter.v Line: 1
Info (12021): Found 1 design units, including 1 entities, in source file //mac/allfiles/applications/codestuff/octatune/hdl/delay_pipeline.v
    Info (12023): Found entity 1: delay_pipeline File: //mac/AllFiles/Applications/CODESTUFF/OctaTune/HDL/delay_pipeline.v Line: 1
Info (12021): Found 1 design units, including 1 entities, in source file //mac/allfiles/applications/codestuff/octatune/hdl/counter.v
    Info (12023): Found entity 1: counter File: //mac/AllFiles/Applications/CODESTUFF/OctaTune/HDL/counter.v Line: 1
Info (12021): Found 1 design units, including 1 entities, in source file //mac/allfiles/applications/codestuff/octatune/hdl/compute.v
    Info (12023): Found entity 1: compute File: //mac/AllFiles/Applications/CODESTUFF/OctaTune/HDL/compute.v Line: 1
Info (12021): Found 1 design units, including 1 entities, in source file //mac/allfiles/applications/codestuff/octatune/hdl/coeffs.v
    Info (12023): Found entity 1: coeffs File: //mac/AllFiles/Applications/CODESTUFF/OctaTune/HDL/coeffs.v Line: 1
Warning (10222): Verilog HDL Parameter Declaration warning at filter.v(16): Parameter Declaration in module "filter" behaves as a Local Parameter Declaration because the module has a Module Parameter Port List File: //mac/AllFiles/Applications/CODESTUFF/OctaTune/HDL/filter.v Line: 16
Warning (10222): Verilog HDL Parameter Declaration warning at filter.v(17): Parameter Declaration in module "filter" behaves as a Local Parameter Declaration because the module has a Module Parameter Port List File: //mac/AllFiles/Applications/CODESTUFF/OctaTune/HDL/filter.v Line: 17
Warning (10222): Verilog HDL Parameter Declaration warning at filter.v(18): Parameter Declaration in module "filter" behaves as a Local Parameter Declaration because the module has a Module Parameter Port List File: //mac/AllFiles/Applications/CODESTUFF/OctaTune/HDL/filter.v Line: 18
Warning (10222): Verilog HDL Parameter Declaration warning at filter.v(20): Parameter Declaration in module "filter" behaves as a Local Parameter Declaration because the module has a Module Parameter Port List File: //mac/AllFiles/Applications/CODESTUFF/OctaTune/HDL/filter.v Line: 20
Warning (10222): Verilog HDL Parameter Declaration warning at filter.v(21): Parameter Declaration in module "filter" behaves as a Local Parameter Declaration because the module has a Module Parameter Port List File: //mac/AllFiles/Applications/CODESTUFF/OctaTune/HDL/filter.v Line: 21
Warning (10222): Verilog HDL Parameter Declaration warning at filter.v(22): Parameter Declaration in module "filter" behaves as a Local Parameter Declaration because the module has a Module Parameter Port List File: //mac/AllFiles/Applications/CODESTUFF/OctaTune/HDL/filter.v Line: 22
Warning (10222): Verilog HDL Parameter Declaration warning at filter.v(24): Parameter Declaration in module "filter" behaves as a Local Parameter Declaration because the module has a Module Parameter Port List File: //mac/AllFiles/Applications/CODESTUFF/OctaTune/HDL/filter.v Line: 24
Warning (10222): Verilog HDL Parameter Declaration warning at compute.v(20): Parameter Declaration in module "compute" behaves as a Local Parameter Declaration because the module has a Module Parameter Port List File: //mac/AllFiles/Applications/CODESTUFF/OctaTune/HDL/compute.v Line: 20
Info (12127): Elaborating entity "filter" for the top level hierarchy
Info (12128): Elaborating entity "counter" for hierarchy "counter:counter_inst" File: //mac/AllFiles/Applications/CODESTUFF/OctaTune/HDL/filter.v Line: 44
Warning (10230): Verilog HDL assignment warning at counter.v(24): truncated value with size 32 to match size of target (6) File: //mac/AllFiles/Applications/CODESTUFF/OctaTune/HDL/counter.v Line: 24
Warning (10230): Verilog HDL assignment warning at counter.v(30): truncated value with size 32 to match size of target (1) File: //mac/AllFiles/Applications/CODESTUFF/OctaTune/HDL/counter.v Line: 30
Warning (10230): Verilog HDL assignment warning at counter.v(31): truncated value with size 32 to match size of target (1) File: //mac/AllFiles/Applications/CODESTUFF/OctaTune/HDL/counter.v Line: 31
Info (12128): Elaborating entity "delay_pipeline" for hierarchy "delay_pipeline:delay_pipeline_inst" File: //mac/AllFiles/Applications/CODESTUFF/OctaTune/HDL/filter.v Line: 65
Info (12128): Elaborating entity "coeffs" for hierarchy "coeffs:coeffs_lpf_1000hz_inst" File: //mac/AllFiles/Applications/CODESTUFF/OctaTune/HDL/filter.v Line: 99
Info (12128): Elaborating entity "compute" for hierarchy "compute:compute_inst" File: //mac/AllFiles/Applications/CODESTUFF/OctaTune/HDL/filter.v Line: 121
Warning (10230): Verilog HDL assignment warning at compute.v(68): truncated value with size 17 to match size of target (16) File: //mac/AllFiles/Applications/CODESTUFF/OctaTune/HDL/compute.v Line: 68
Info (286030): Timing-Driven Synthesis is running
Info (16010): Generating hard_block partition "hard_block:auto_generated_inst"
    Info (16011): Adding 0 node(s), including 0 DDIO, 0 PLL, 0 transceiver and 0 LCELL
Info (21057): Implemented 1485 device resources after synthesis - the final resource count might be different
    Info (21058): Implemented 19 input pins
    Info (21059): Implemented 16 output pins
    Info (21061): Implemented 1449 logic cells
    Info (21062): Implemented 1 DSP elements
Info: Quartus Prime Analysis & Synthesis was successful. 0 errors, 13 warnings
    Info: Peak virtual memory: 13333 megabytes
    Info: Processing ended: Tue Apr  9 18:35:49 2024
    Info: Elapsed time: 00:00:30
    Info: Total CPU time (on all processors): 00:00:54


